<?xml version="1.0" encoding="UTF-8"?>
<testsuite xmlns:xsi="http://www.w3.org/2001/XMLSchema-instance" xsi:noNamespaceSchemaLocation="https://maven.apache.org/surefire/maven-surefire-plugin/xsd/surefire-test-report.xsd" name="com.favorites.domain.UserRepositoryTests" time="0.156" tests="1" errors="1" skipped="0" failures="0">
  <properties>
[...]
</properties>
  <testcase name="test" classname="com.favorites.domain.UserRepositoryTests" time="0.154">
    <error message="could not execute statement; SQL [n/a]; constraint [null]; nested exception is org.hibernate.exception.ConstraintViolationException: could not execute statement" type="org.springframework.dao.DataIntegrityViolationException">org.springframework.dao.DataIntegrityViolationException: could not execute statement; SQL [n/a]; constraint [null]; nested exception is org.hibernate.exception.ConstraintViolationException: could not execute statement
	at com.favorites.domain.UserRepositoryTests.test(UserRepositoryTests.java:22)
Caused by: org.hibernate.exception.ConstraintViolationException: could not execute statement
	at com.favorites.domain.UserRepositoryTests.test(UserRepositoryTests.java:22)
Caused by: com.mysql.jdbc.exceptions.jdbc4.MySQLIntegrityConstraintViolationException: Column 'create_time' cannot be null
	at com.favorites.domain.UserRepositoryTests.test(UserRepositoryTests.java:22)
</error>
    <system-out><![CDATA[2019-08-13 17:53:38.860  INFO 11084 --- [           main] .b.t.c.SpringBootTestContextBootstrapper : Neither @ContextConfiguration nor @ContextHierarchy found for test class [com.favorites.domain.UserRepositoryTests], using SpringBootContextLoader
2019-08-13 17:53:38.862  INFO 11084 --- [           main] o.s.t.c.support.AbstractContextLoader    : Could not detect default resource locations for test class [com.favorites.domain.UserRepositoryTests]: no resource found for suffixes {-context.xml, Context.groovy}.
2019-08-13 17:53:38.863  INFO 11084 --- [           main] t.c.s.AnnotationConfigContextLoaderUtils : Could not detect default configuration classes for test class [com.favorites.domain.UserRepositoryTests]: UserRepositoryTests does not declare any static, non-private, non-final, nested classes annotated with @Configuration.
2019-08-13 17:53:38.868  INFO 11084 --- [           main] .b.t.c.SpringBootTestContextBootstrapper : Found @SpringBootConfiguration com.favorites.FavoritesApplication for test class com.favorites.domain.UserRepositoryTests
2019-08-13 17:53:38.873  INFO 11084 --- [           main] .b.t.c.SpringBootTestContextBootstrapper : Loaded default TestExecutionListener class names from location [META-INF/spring.factories]: [org.springframework.boot.test.mock.mockito.MockitoTestExecutionListener, org.springframework.boot.test.mock.mockito.ResetMocksTestExecutionListener, org.springframework.boot.test.autoconfigure.restdocs.RestDocsTestExecutionListener, org.springframework.boot.test.autoconfigure.web.client.MockRestServiceServerResetTestExecutionListener, org.springframework.boot.test.autoconfigure.web.servlet.MockMvcPrintOnlyOnFailureTestExecutionListener, org.springframework.boot.test.autoconfigure.web.servlet.WebDriverTestExecutionListener, org.springframework.test.context.web.ServletTestExecutionListener, org.springframework.test.context.support.DirtiesContextBeforeModesTestExecutionListener, org.springframework.test.context.support.DependencyInjectionTestExecutionListener, org.springframework.test.context.support.DirtiesContextTestExecutionListener, org.springframework.test.context.transaction.TransactionalTestExecutionListener, org.springframework.test.context.jdbc.SqlScriptsTestExecutionListener]
2019-08-13 17:53:38.874  INFO 11084 --- [           main] .b.t.c.SpringBootTestContextBootstrapper : Using TestExecutionListeners: [org.springframework.test.context.web.ServletTestExecutionListener@1f6e6f50, org.springframework.test.context.support.DirtiesContextBeforeModesTestExecutionListener@1f7fcec2, org.springframework.boot.test.mock.mockito.MockitoTestExecutionListener@796cf2b5, org.springframework.boot.test.autoconfigure.SpringBootDependencyInjectionTestExecutionListener@7a71ebf1, org.springframework.test.context.support.DirtiesContextTestExecutionListener@16890f00, org.springframework.test.context.transaction.TransactionalTestExecutionListener@77e1dacd, org.springframework.test.context.jdbc.SqlScriptsTestExecutionListener@690677de, org.springframework.boot.test.mock.mockito.ResetMocksTestExecutionListener@1c5d376c, org.springframework.boot.test.autoconfigure.restdocs.RestDocsTestExecutionListener@42f2cae8, org.springframework.boot.test.autoconfigure.web.client.MockRestServiceServerResetTestExecutionListener@3bbc47c9, org.springframework.boot.test.autoconfigure.web.servlet.MockMvcPrintOnlyOnFailureTestExecutionListener@615e7fe7, org.springframework.boot.test.autoconfigure.web.servlet.WebDriverTestExecutionListener@144dc2f7]
Hibernate: insert into user (background_picture, create_time, email, introduction, last_modify_time, out_date, pass_word, profile_picture, user_name, validata_code) values (?, ?, ?, ?, ?, ?, ?, ?, ?, ?)
2019-08-13 17:53:39.027  WARN 11084 --- [           main] o.h.engine.jdbc.spi.SqlExceptionHelper   : SQL Error: 1048, SQLState: 23000
2019-08-13 17:53:39.027 ERROR 11084 --- [           main] o.h.engine.jdbc.spi.SqlExceptionHelper   : Column 'create_time' cannot be null
]]></system-out>
  </testcase>
</testsuite>