<?xml version="1.0" encoding="UTF-8"?>
<testsuite xmlns:xsi="http://www.w3.org/2001/XMLSchema-instance" xsi:noNamespaceSchemaLocation="https://maven.apache.org/surefire/maven-surefire-plugin/xsd/surefire-test-report.xsd" name="com.favorites.controller.HelloWorldControlerTests" time="12.22" tests="1" errors="0" skipped="0" failures="1">
  <properties>
[...]
</properties>
  <testcase name="getHello" classname="com.favorites.controller.HelloWorldControlerTests" time="0.511">
    <failure message="Status expected:&lt;200&gt; but was:&lt;404&gt;" type="java.lang.AssertionError"><![CDATA[java.lang.AssertionError: Status expected:<200> but was:<404>
	at com.favorites.controller.HelloWorldControlerTests.getHello(HelloWorldControlerTests.java:33)
]]></failure>
    <system-out><![CDATA[17:53:18.780 [main] DEBUG org.springframework.test.context.junit4.SpringJUnit4ClassRunner - SpringJUnit4ClassRunner constructor called with [class com.favorites.controller.HelloWorldControlerTests]
17:53:18.786 [main] DEBUG org.springframework.test.context.BootstrapUtils - Instantiating CacheAwareContextLoaderDelegate from class [org.springframework.test.context.cache.DefaultCacheAwareContextLoaderDelegate]
17:53:18.793 [main] DEBUG org.springframework.test.context.BootstrapUtils - Instantiating BootstrapContext using constructor [public org.springframework.test.context.support.DefaultBootstrapContext(java.lang.Class,org.springframework.test.context.CacheAwareContextLoaderDelegate)]
17:53:18.808 [main] DEBUG org.springframework.test.context.BootstrapUtils - Instantiating TestContextBootstrapper for test class [com.favorites.controller.HelloWorldControlerTests] from class [org.springframework.boot.test.context.SpringBootTestContextBootstrapper]
17:53:18.820 [main] INFO org.springframework.boot.test.context.SpringBootTestContextBootstrapper - Neither @ContextConfiguration nor @ContextHierarchy found for test class [com.favorites.controller.HelloWorldControlerTests], using SpringBootContextLoader
17:53:18.823 [main] DEBUG org.springframework.test.context.support.AbstractContextLoader - Did not detect default resource location for test class [com.favorites.controller.HelloWorldControlerTests]: class path resource [com/favorites/controller/HelloWorldControlerTests-context.xml] does not exist
17:53:18.824 [main] DEBUG org.springframework.test.context.support.AbstractContextLoader - Did not detect default resource location for test class [com.favorites.controller.HelloWorldControlerTests]: class path resource [com/favorites/controller/HelloWorldControlerTestsContext.groovy] does not exist
17:53:18.824 [main] INFO org.springframework.test.context.support.AbstractContextLoader - Could not detect default resource locations for test class [com.favorites.controller.HelloWorldControlerTests]: no resource found for suffixes {-context.xml, Context.groovy}.
17:53:18.824 [main] INFO org.springframework.test.context.support.AnnotationConfigContextLoaderUtils - Could not detect default configuration classes for test class [com.favorites.controller.HelloWorldControlerTests]: HelloWorldControlerTests does not declare any static, non-private, non-final, nested classes annotated with @Configuration.
17:53:18.869 [main] DEBUG org.springframework.test.context.support.ActiveProfilesUtils - Could not find an 'annotation declaring class' for annotation type [org.springframework.test.context.ActiveProfiles] and class [com.favorites.controller.HelloWorldControlerTests]
17:53:18.875 [main] DEBUG org.springframework.core.env.StandardEnvironment - Adding PropertySource 'systemProperties' with lowest search precedence
17:53:18.875 [main] DEBUG org.springframework.core.env.StandardEnvironment - Adding PropertySource 'systemEnvironment' with lowest search precedence
17:53:18.876 [main] DEBUG org.springframework.core.env.StandardEnvironment - Initialized StandardEnvironment with PropertySources [MapPropertySource@1889248251 {name='systemProperties', properties={idea.version=2018.3.2, java.runtime.name=Java(TM) SE Runtime Environment, sun.boot.library.path=D:\IDE_1\JDK8\jdk1.8\jre\bin, java.vm.version=25.40-b25, java.vm.vendor=Oracle Corporation, java.vendor.url=http://java.oracle.com/, path.separator=;, java.vm.name=Java HotSpot(TM) 64-Bit Server VM, file.encoding.pkg=sun.io, user.country=CN, user.script=, sun.java.launcher=SUN_STANDARD, sun.os.patch.level=, java.vm.specification.name=Java Virtual Machine Specification, user.dir=D:\Demo_\ityouknow-favorites-web-master\favorites-web\app, java.runtime.version=1.8.0_40-b26, basedir=D:\Demo_\ityouknow-favorites-web-master\favorites-web\app, java.awt.graphicsenv=sun.awt.Win32GraphicsEnvironment, java.endorsed.dirs=D:\IDE_1\JDK8\jdk1.8\jre\lib\endorsed, os.arch=amd64, surefire.real.class.path=C:\Users\18630\AppData\Local\Temp\surefire7965361095654687251\surefirebooter6923216477276322659.jar, java.io.tmpdir=C:\Users\18630\AppData\Local\Temp\, line.separator=
, java.vm.specification.vendor=Oracle Corporation, user.variant=, os.name=Windows 8.1, sun.jnu.encoding=GBK, java.library.path=D:\IDE_1\JDK8\jdk1.8\jre\bin;C:\WINDOWS\Sun\Java\bin;C:\WINDOWS\system32;C:\WINDOWS;D:\Xshell\;D:\IDE_1\JDK8\jdk1.8\bin;C:\Program Files (x86)\Intel\iCLS Client\;C:\Program Files\Intel\iCLS Client\;C:\WINDOWS\system32;C:\WINDOWS;C:\WINDOWS\System32\Wbem;C:\WINDOWS\System32\WindowsPowerShell\v1.0\;C:\Program Files (x86)\Intel\Intel(R) Management Engine Components\DAL;C:\Program Files\Intel\Intel(R) Management Engine Components\DAL;C:\Program Files (x86)\Intel\Intel(R) Management Engine Components\IPT;C:\Program Files\Intel\Intel(R) Management Engine Components\IPT;C:\Program Files\TortoiseSVN\bin;D:\mysql\mysql-5.6.27-winx64\bin;D:\apache-maven-3.2.1\bin;C:\Program Files\nodejs\;D:\python;D:\python\Scripts;C:\WINDOWS\System32\OpenSSH\;D:\IDE\git\Git\cmd;C:\Program Files\VisualSVN Server\bin;C:\Users\18630\AppData\Local\Microsoft\WindowsApps;C:\Users\18630\AppData\Roaming\npm;D:\IDE_1\JDK8\jdk1.8\bin;D:\IDE_1\JDK8\jdk1.8\jre\bin;;D:\IDEA\IntelliJ IDEA 2018.3.2\bin;;., surefire.test.class.path=D:\Demo_\ityouknow-favorites-web-master\favorites-web\app\target\test-classes;D:\Demo_\ityouknow-favorites-web-master\favorites-web\app\target\classes;D:\.m2\repository\org\springframework\boot\spring-boot-starter-web\2.0.0.RELEASE\spring-boot-starter-web-2.0.0.RELEASE.jar;D:\.m2\repository\org\springframework\boot\spring-boot-starter\2.0.0.RELEASE\spring-boot-starter-2.0.0.RELEASE.jar;D:\.m2\repository\org\springframework\boot\spring-boot-starter-logging\2.0.0.RELEASE\spring-boot-starter-logging-2.0.0.RELEASE.jar;D:\.m2\repository\ch\qos\logback\logback-classic\1.2.3\logback-classic-1.2.3.jar;D:\.m2\repository\ch\qos\logback\logback-core\1.2.3\logback-core-1.2.3.jar;D:\.m2\repository\org\apache\logging\log4j\log4j-to-slf4j\2.10.0\log4j-to-slf4j-2.10.0.jar;D:\.m2\repository\org\apache\logging\log4j\log4j-api\2.10.0\log4j-api-2.10.0.jar;D:\.m2\repository\org\slf4j\jul-to-slf4j\1.7.25\jul-to-slf4j-1.7.25.jar;D:\.m2\repository\javax\annotation\javax.annotation-api\1.3.2\javax.annotation-api-1.3.2.jar;D:\.m2\repository\org\yaml\snakeyaml\1.19\snakeyaml-1.19.jar;D:\.m2\repository\org\springframework\boot\spring-boot-starter-json\2.0.0.RELEASE\spring-boot-starter-json-2.0.0.RELEASE.jar;D:\.m2\repository\com\fasterxml\jackson\datatype\jackson-datatype-jdk8\2.9.4\jackson-datatype-jdk8-2.9.4.jar;D:\.m2\repository\com\fasterxml\jackson\datatype\jackson-datatype-jsr310\2.9.4\jackson-datatype-jsr310-2.9.4.jar;D:\.m2\repository\com\fasterxml\jackson\module\jackson-module-parameter-names\2.9.4\jackson-module-parameter-names-2.9.4.jar;D:\.m2\repository\org\springframework\boot\spring-boot-starter-tomcat\2.0.0.RELEASE\spring-boot-starter-tomcat-2.0.0.RELEASE.jar;D:\.m2\repository\org\apache\tomcat\embed\tomcat-embed-core\8.5.28\tomcat-embed-core-8.5.28.jar;D:\.m2\repository\org\apache\tomcat\embed\tomcat-embed-el\8.5.28\tomcat-embed-el-8.5.28.jar;D:\.m2\repository\org\apache\tomcat\embed\tomcat-embed-websocket\8.5.28\tomcat-embed-websocket-8.5.28.jar;D:\.m2\repository\org\hibernate\validator\hibernate-validator\6.0.7.Final\hibernate-validator-6.0.7.Final.jar;D:\.m2\repository\javax\validation\validation-api\2.0.1.Final\validation-api-2.0.1.Final.jar;D:\.m2\repository\org\jboss\logging\jboss-logging\3.3.2.Final\jboss-logging-3.3.2.Final.jar;D:\.m2\repository\com\fasterxml\classmate\1.3.4\classmate-1.3.4.jar;D:\.m2\repository\org\springframework\spring-web\5.0.4.RELEASE\spring-web-5.0.4.RELEASE.jar;D:\.m2\repository\org\springframework\spring-beans\5.0.4.RELEASE\spring-beans-5.0.4.RELEASE.jar;D:\.m2\repository\org\springframework\spring-webmvc\5.0.4.RELEASE\spring-webmvc-5.0.4.RELEASE.jar;D:\.m2\repository\org\springframework\spring-aop\5.0.4.RELEASE\spring-aop-5.0.4.RELEASE.jar;D:\.m2\repository\org\springframework\spring-expression\5.0.4.RELEASE\spring-expression-5.0.4.RELEASE.jar;D:\.m2\repository\org\springframework\boot\spring-boot-starter-thymeleaf\2.0.0.RELEASE\spring-boot-starter-thymeleaf-2.0.0.RELEASE.jar;D:\.m2\repository\org\thymeleaf\thymeleaf-spring5\3.0.9.RELEASE\thymeleaf-spring5-3.0.9.RELEASE.jar;D:\.m2\repository\org\slf4j\slf4j-api\1.7.25\slf4j-api-1.7.25.jar;D:\.m2\repository\org\thymeleaf\extras\thymeleaf-extras-java8time\3.0.1.RELEASE\thymeleaf-extras-java8time-3.0.1.RELEASE.jar;D:\.m2\repository\nz\net\ultraq\thymeleaf\thymeleaf-layout-dialect\2.3.0\thymeleaf-layout-dialect-2.3.0.jar;D:\.m2\repository\nz\net\ultraq\thymeleaf\thymeleaf-expression-processor\1.1.3\thymeleaf-expression-processor-1.1.3.jar;D:\.m2\repository\org\codehaus\groovy\groovy\2.4.13\groovy-2.4.13.jar;D:\.m2\repository\org\thymeleaf\thymeleaf\3.0.9.RELEASE\thymeleaf-3.0.9.RELEASE.jar;D:\.m2\repository\ognl\ognl\3.1.12\ognl-3.1.12.jar;D:\.m2\repository\org\attoparser\attoparser\2.0.4.RELEASE\attoparser-2.0.4.RELEASE.jar;D:\.m2\repository\org\unbescape\unbescape\1.1.5.RELEASE\unbescape-1.1.5.RELEASE.jar;D:\.m2\repository\org\springframework\boot\spring-boot-starter-data-jpa\2.0.0.RELEASE\spring-boot-starter-data-jpa-2.0.0.RELEASE.jar;D:\.m2\repository\org\springframework\boot\spring-boot-starter-aop\2.0.0.RELEASE\spring-boot-starter-aop-2.0.0.RELEASE.jar;D:\.m2\repository\org\aspectj\aspectjweaver\1.8.13\aspectjweaver-1.8.13.jar;D:\.m2\repository\org\springframework\boot\spring-boot-starter-jdbc\2.0.0.RELEASE\spring-boot-starter-jdbc-2.0.0.RELEASE.jar;D:\.m2\repository\com\zaxxer\HikariCP\2.7.8\HikariCP-2.7.8.jar;D:\.m2\repository\org\springframework\spring-jdbc\5.0.4.RELEASE\spring-jdbc-5.0.4.RELEASE.jar;D:\.m2\repository\org\hibernate\hibernate-core\5.2.14.Final\hibernate-core-5.2.14.Final.jar;D:\.m2\repository\org\hibernate\javax\persistence\hibernate-jpa-2.1-api\1.0.0.Final\hibernate-jpa-2.1-api-1.0.0.Final.jar;D:\.m2\repository\org\javassist\javassist\3.22.0-GA\javassist-3.22.0-GA.jar;D:\.m2\repository\antlr\antlr\2.7.7\antlr-2.7.7.jar;D:\.m2\repository\org\jboss\jandex\2.0.3.Final\jandex-2.0.3.Final.jar;D:\.m2\repository\dom4j\dom4j\1.6.1\dom4j-1.6.1.jar;D:\.m2\repository\org\hibernate\common\hibernate-commons-annotations\5.0.1.Final\hibernate-commons-annotations-5.0.1.Final.jar;D:\.m2\repository\javax\transaction\javax.transaction-api\1.2\javax.transaction-api-1.2.jar;D:\.m2\repository\org\springframework\data\spring-data-jpa\2.0.5.RELEASE\spring-data-jpa-2.0.5.RELEASE.jar;D:\.m2\repository\org\springframework\data\spring-data-commons\2.0.5.RELEASE\spring-data-commons-2.0.5.RELEASE.jar;D:\.m2\repository\org\springframework\spring-orm\5.0.4.RELEASE\spring-orm-5.0.4.RELEASE.jar;D:\.m2\repository\org\springframework\spring-tx\5.0.4.RELEASE\spring-tx-5.0.4.RELEASE.jar;D:\.m2\repository\org\springframework\spring-aspects\5.0.4.RELEASE\spring-aspects-5.0.4.RELEASE.jar;D:\.m2\repository\org\springframework\boot\spring-boot-devtools\2.0.0.RELEASE\spring-boot-devtools-2.0.0.RELEASE.jar;D:\.m2\repository\org\springframework\boot\spring-boot\2.0.0.RELEASE\spring-boot-2.0.0.RELEASE.jar;D:\.m2\repository\org\springframework\boot\spring-boot-autoconfigure\2.0.0.RELEASE\spring-boot-autoconfigure-2.0.0.RELEASE.jar;D:\.m2\repository\org\springframework\boot\spring-boot-starter-test\2.0.0.RELEASE\spring-boot-starter-test-2.0.0.RELEASE.jar;D:\.m2\repository\org\springframework\boot\spring-boot-test\2.0.0.RELEASE\spring-boot-test-2.0.0.RELEASE.jar;D:\.m2\repository\org\springframework\boot\spring-boot-test-autoconfigure\2.0.0.RELEASE\spring-boot-test-autoconfigure-2.0.0.RELEASE.jar;D:\.m2\repository\com\jayway\jsonpath\json-path\2.4.0\json-path-2.4.0.jar;D:\.m2\repository\net\minidev\json-smart\2.3\json-smart-2.3.jar;D:\.m2\repository\net\minidev\accessors-smart\1.2\accessors-smart-1.2.jar;D:\.m2\repository\org\ow2\asm\asm\5.0.4\asm-5.0.4.jar;D:\.m2\repository\junit\junit\4.12\junit-4.12.jar;D:\.m2\repository\org\assertj\assertj-core\3.9.1\assertj-core-3.9.1.jar;D:\.m2\repository\org\mockito\mockito-core\2.15.0\mockito-core-2.15.0.jar;D:\.m2\repository\net\bytebuddy\byte-buddy\1.7.10\byte-buddy-1.7.10.jar;D:\.m2\repository\net\bytebuddy\byte-buddy-agent\1.7.10\byte-buddy-agent-1.7.10.jar;D:\.m2\repository\org\objenesis\objenesis\2.6\objenesis-2.6.jar;D:\.m2\repository\org\hamcrest\hamcrest-core\1.3\hamcrest-core-1.3.jar;D:\.m2\repository\org\hamcrest\hamcrest-library\1.3\hamcrest-library-1.3.jar;D:\.m2\repository\org\skyscreamer\jsonassert\1.5.0\jsonassert-1.5.0.jar;D:\.m2\repository\com\vaadin\external\google\android-json\0.0.20131108.vaadin1\android-json-0.0.20131108.vaadin1.jar;D:\.m2\repository\org\springframework\spring-core\5.0.4.RELEASE\spring-core-5.0.4.RELEASE.jar;D:\.m2\repository\org\springframework\spring-jcl\5.0.4.RELEASE\spring-jcl-5.0.4.RELEASE.jar;D:\.m2\repository\org\springframework\spring-test\5.0.4.RELEASE\spring-test-5.0.4.RELEASE.jar;D:\.m2\repository\org\xmlunit\xmlunit-core\2.5.1\xmlunit-core-2.5.1.jar;D:\.m2\repository\org\springframework\boot\spring-boot-starter-mail\2.0.0.RELEASE\spring-boot-starter-mail-2.0.0.RELEASE.jar;D:\.m2\repository\org\springframework\spring-context\5.0.4.RELEASE\spring-context-5.0.4.RELEASE.jar;D:\.m2\repository\org\springframework\spring-context-support\5.0.4.RELEASE\spring-context-support-5.0.4.RELEASE.jar;D:\.m2\repository\com\sun\mail\javax.mail\1.6.1\javax.mail-1.6.1.jar;D:\.m2\repository\javax\activation\activation\1.1\activation-1.1.jar;D:\.m2\repository\org\webjars\webjars-locator\0.33\webjars-locator-0.33.jar;D:\.m2\repository\org\webjars\webjars-locator-core\0.35\webjars-locator-core-0.35.jar;D:\.m2\repository\org\apache\commons\commons-compress\1.9\commons-compress-1.9.jar;D:\.m2\repository\com\fasterxml\jackson\core\jackson-core\2.9.4\jackson-core-2.9.4.jar;D:\.m2\repository\com\fasterxml\jackson\core\jackson-databind\2.9.4\jackson-databind-2.9.4.jar;D:\.m2\repository\com\fasterxml\jackson\core\jackson-annotations\2.9.0\jackson-annotations-2.9.0.jar;D:\.m2\repository\mysql\mysql-connector-java\5.1.45\mysql-connector-java-5.1.45.jar;D:\.m2\repository\org\apache\commons\commons-lang3\3.4\commons-lang3-3.4.jar;D:\.m2\repository\org\webjars\bower\bootstrap\3.3.6\bootstrap-3.3.6.jar;D:\.m2\repository\org\webjars\bower\jquery\3.0.0-rc1\jquery-3.0.0-rc1.jar;D:\.m2\repository\org\webjars\vue\1.0.24\vue-1.0.24.jar;D:\.m2\repository\org\webjars\bower\vue-resource\0.7.0\vue-resource-0.7.0.jar;D:\.m2\repository\org\jsoup\jsoup\1.9.2\jsoup-1.9.2.jar;D:\.m2\repository\org\webjars\jquery\2.0.0\jquery-2.0.0.jar;, java.specification.name=Java Platform API Specification, java.class.version=52.0, sun.management.compiler=HotSpot 64-Bit Tiered Compilers, os.version=6.3, user.home=C:\Users\18630, user.timezone=Asia/Shanghai, java.awt.printerjob=sun.awt.windows.WPrinterJob, file.encoding=GBK, java.specification.version=1.8, java.class.path=D:\Demo_\ityouknow-favorites-web-master\favorites-web\app\target\test-classes;D:\Demo_\ityouknow-favorites-web-master\favorites-web\app\target\classes;D:\.m2\repository\org\springframework\boot\spring-boot-starter-web\2.0.0.RELEASE\spring-boot-starter-web-2.0.0.RELEASE.jar;D:\.m2\repository\org\springframework\boot\spring-boot-starter\2.0.0.RELEASE\spring-boot-starter-2.0.0.RELEASE.jar;D:\.m2\repository\org\springframework\boot\spring-boot-starter-logging\2.0.0.RELEASE\spring-boot-starter-logging-2.0.0.RELEASE.jar;D:\.m2\repository\ch\qos\logback\logback-classic\1.2.3\logback-classic-1.2.3.jar;D:\.m2\repository\ch\qos\logback\logback-core\1.2.3\logback-core-1.2.3.jar;D:\.m2\repository\org\apache\logging\log4j\log4j-to-slf4j\2.10.0\log4j-to-slf4j-2.10.0.jar;D:\.m2\repository\org\apache\logging\log4j\log4j-api\2.10.0\log4j-api-2.10.0.jar;D:\.m2\repository\org\slf4j\jul-to-slf4j\1.7.25\jul-to-slf4j-1.7.25.jar;D:\.m2\repository\javax\annotation\javax.annotation-api\1.3.2\javax.annotation-api-1.3.2.jar;D:\.m2\repository\org\yaml\snakeyaml\1.19\snakeyaml-1.19.jar;D:\.m2\repository\org\springframework\boot\spring-boot-starter-json\2.0.0.RELEASE\spring-boot-starter-json-2.0.0.RELEASE.jar;D:\.m2\repository\com\fasterxml\jackson\datatype\jackson-datatype-jdk8\2.9.4\jackson-datatype-jdk8-2.9.4.jar;D:\.m2\repository\com\fasterxml\jackson\datatype\jackson-datatype-jsr310\2.9.4\jackson-datatype-jsr310-2.9.4.jar;D:\.m2\repository\com\fasterxml\jackson\module\jackson-module-parameter-names\2.9.4\jackson-module-parameter-names-2.9.4.jar;D:\.m2\repository\org\springframework\boot\spring-boot-starter-tomcat\2.0.0.RELEASE\spring-boot-starter-tomcat-2.0.0.RELEASE.jar;D:\.m2\repository\org\apache\tomcat\embed\tomcat-embed-core\8.5.28\tomcat-embed-core-8.5.28.jar;D:\.m2\repository\org\apache\tomcat\embed\tomcat-embed-el\8.5.28\tomcat-embed-el-8.5.28.jar;D:\.m2\repository\org\apache\tomcat\embed\tomcat-embed-websocket\8.5.28\tomcat-embed-websocket-8.5.28.jar;D:\.m2\repository\org\hibernate\validator\hibernate-validator\6.0.7.Final\hibernate-validator-6.0.7.Final.jar;D:\.m2\repository\javax\validation\validation-api\2.0.1.Final\validation-api-2.0.1.Final.jar;D:\.m2\repository\org\jboss\logging\jboss-logging\3.3.2.Final\jboss-logging-3.3.2.Final.jar;D:\.m2\repository\com\fasterxml\classmate\1.3.4\classmate-1.3.4.jar;D:\.m2\repository\org\springframework\spring-web\5.0.4.RELEASE\spring-web-5.0.4.RELEASE.jar;D:\.m2\repository\org\springframework\spring-beans\5.0.4.RELEASE\spring-beans-5.0.4.RELEASE.jar;D:\.m2\repository\org\springframework\spring-webmvc\5.0.4.RELEASE\spring-webmvc-5.0.4.RELEASE.jar;D:\.m2\repository\org\springframework\spring-aop\5.0.4.RELEASE\spring-aop-5.0.4.RELEASE.jar;D:\.m2\repository\org\springframework\spring-expression\5.0.4.RELEASE\spring-expression-5.0.4.RELEASE.jar;D:\.m2\repository\org\springframework\boot\spring-boot-starter-thymeleaf\2.0.0.RELEASE\spring-boot-starter-thymeleaf-2.0.0.RELEASE.jar;D:\.m2\repository\org\thymeleaf\thymeleaf-spring5\3.0.9.RELEASE\thymeleaf-spring5-3.0.9.RELEASE.jar;D:\.m2\repository\org\slf4j\slf4j-api\1.7.25\slf4j-api-1.7.25.jar;D:\.m2\repository\org\thymeleaf\extras\thymeleaf-extras-java8time\3.0.1.RELEASE\thymeleaf-extras-java8time-3.0.1.RELEASE.jar;D:\.m2\repository\nz\net\ultraq\thymeleaf\thymeleaf-layout-dialect\2.3.0\thymeleaf-layout-dialect-2.3.0.jar;D:\.m2\repository\nz\net\ultraq\thymeleaf\thymeleaf-expression-processor\1.1.3\thymeleaf-expression-processor-1.1.3.jar;D:\.m2\repository\org\codehaus\groovy\groovy\2.4.13\groovy-2.4.13.jar;D:\.m2\repository\org\thymeleaf\thymeleaf\3.0.9.RELEASE\thymeleaf-3.0.9.RELEASE.jar;D:\.m2\repository\ognl\ognl\3.1.12\ognl-3.1.12.jar;D:\.m2\repository\org\attoparser\attoparser\2.0.4.RELEASE\attoparser-2.0.4.RELEASE.jar;D:\.m2\repository\org\unbescape\unbescape\1.1.5.RELEASE\unbescape-1.1.5.RELEASE.jar;D:\.m2\repository\org\springframework\boot\spring-boot-starter-data-jpa\2.0.0.RELEASE\spring-boot-starter-data-jpa-2.0.0.RELEASE.jar;D:\.m2\repository\org\springframework\boot\spring-boot-starter-aop\2.0.0.RELEASE\spring-boot-starter-aop-2.0.0.RELEASE.jar;D:\.m2\repository\org\aspectj\aspectjweaver\1.8.13\aspectjweaver-1.8.13.jar;D:\.m2\repository\org\springframework\boot\spring-boot-starter-jdbc\2.0.0.RELEASE\spring-boot-starter-jdbc-2.0.0.RELEASE.jar;D:\.m2\repository\com\zaxxer\HikariCP\2.7.8\HikariCP-2.7.8.jar;D:\.m2\repository\org\springframework\spring-jdbc\5.0.4.RELEASE\spring-jdbc-5.0.4.RELEASE.jar;D:\.m2\repository\org\hibernate\hibernate-core\5.2.14.Final\hibernate-core-5.2.14.Final.jar;D:\.m2\repository\org\hibernate\javax\persistence\hibernate-jpa-2.1-api\1.0.0.Final\hibernate-jpa-2.1-api-1.0.0.Final.jar;D:\.m2\repository\org\javassist\javassist\3.22.0-GA\javassist-3.22.0-GA.jar;D:\.m2\repository\antlr\antlr\2.7.7\antlr-2.7.7.jar;D:\.m2\repository\org\jboss\jandex\2.0.3.Final\jandex-2.0.3.Final.jar;D:\.m2\repository\dom4j\dom4j\1.6.1\dom4j-1.6.1.jar;D:\.m2\repository\org\hibernate\common\hibernate-commons-annotations\5.0.1.Final\hibernate-commons-annotations-5.0.1.Final.jar;D:\.m2\repository\javax\transaction\javax.transaction-api\1.2\javax.transaction-api-1.2.jar;D:\.m2\repository\org\springframework\data\spring-data-jpa\2.0.5.RELEASE\spring-data-jpa-2.0.5.RELEASE.jar;D:\.m2\repository\org\springframework\data\spring-data-commons\2.0.5.RELEASE\spring-data-commons-2.0.5.RELEASE.jar;D:\.m2\repository\org\springframework\spring-orm\5.0.4.RELEASE\spring-orm-5.0.4.RELEASE.jar;D:\.m2\repository\org\springframework\spring-tx\5.0.4.RELEASE\spring-tx-5.0.4.RELEASE.jar;D:\.m2\repository\org\springframework\spring-aspects\5.0.4.RELEASE\spring-aspects-5.0.4.RELEASE.jar;D:\.m2\repository\org\springframework\boot\spring-boot-devtools\2.0.0.RELEASE\spring-boot-devtools-2.0.0.RELEASE.jar;D:\.m2\repository\org\springframework\boot\spring-boot\2.0.0.RELEASE\spring-boot-2.0.0.RELEASE.jar;D:\.m2\repository\org\springframework\boot\spring-boot-autoconfigure\2.0.0.RELEASE\spring-boot-autoconfigure-2.0.0.RELEASE.jar;D:\.m2\repository\org\springframework\boot\spring-boot-starter-test\2.0.0.RELEASE\spring-boot-starter-test-2.0.0.RELEASE.jar;D:\.m2\repository\org\springframework\boot\spring-boot-test\2.0.0.RELEASE\spring-boot-test-2.0.0.RELEASE.jar;D:\.m2\repository\org\springframework\boot\spring-boot-test-autoconfigure\2.0.0.RELEASE\spring-boot-test-autoconfigure-2.0.0.RELEASE.jar;D:\.m2\repository\com\jayway\jsonpath\json-path\2.4.0\json-path-2.4.0.jar;D:\.m2\repository\net\minidev\json-smart\2.3\json-smart-2.3.jar;D:\.m2\repository\net\minidev\accessors-smart\1.2\accessors-smart-1.2.jar;D:\.m2\repository\org\ow2\asm\asm\5.0.4\asm-5.0.4.jar;D:\.m2\repository\junit\junit\4.12\junit-4.12.jar;D:\.m2\repository\org\assertj\assertj-core\3.9.1\assertj-core-3.9.1.jar;D:\.m2\repository\org\mockito\mockito-core\2.15.0\mockito-core-2.15.0.jar;D:\.m2\repository\net\bytebuddy\byte-buddy\1.7.10\byte-buddy-1.7.10.jar;D:\.m2\repository\net\bytebuddy\byte-buddy-agent\1.7.10\byte-buddy-agent-1.7.10.jar;D:\.m2\repository\org\objenesis\objenesis\2.6\objenesis-2.6.jar;D:\.m2\repository\org\hamcrest\hamcrest-core\1.3\hamcrest-core-1.3.jar;D:\.m2\repository\org\hamcrest\hamcrest-library\1.3\hamcrest-library-1.3.jar;D:\.m2\repository\org\skyscreamer\jsonassert\1.5.0\jsonassert-1.5.0.jar;D:\.m2\repository\com\vaadin\external\google\android-json\0.0.20131108.vaadin1\android-json-0.0.20131108.vaadin1.jar;D:\.m2\repository\org\springframework\spring-core\5.0.4.RELEASE\spring-core-5.0.4.RELEASE.jar;D:\.m2\repository\org\springframework\spring-jcl\5.0.4.RELEASE\spring-jcl-5.0.4.RELEASE.jar;D:\.m2\repository\org\springframework\spring-test\5.0.4.RELEASE\spring-test-5.0.4.RELEASE.jar;D:\.m2\repository\org\xmlunit\xmlunit-core\2.5.1\xmlunit-core-2.5.1.jar;D:\.m2\repository\org\springframework\boot\spring-boot-starter-mail\2.0.0.RELEASE\spring-boot-starter-mail-2.0.0.RELEASE.jar;D:\.m2\repository\org\springframework\spring-context\5.0.4.RELEASE\spring-context-5.0.4.RELEASE.jar;D:\.m2\repository\org\springframework\spring-context-support\5.0.4.RELEASE\spring-context-support-5.0.4.RELEASE.jar;D:\.m2\repository\com\sun\mail\javax.mail\1.6.1\javax.mail-1.6.1.jar;D:\.m2\repository\javax\activation\activation\1.1\activation-1.1.jar;D:\.m2\repository\org\webjars\webjars-locator\0.33\webjars-locator-0.33.jar;D:\.m2\repository\org\webjars\webjars-locator-core\0.35\webjars-locator-core-0.35.jar;D:\.m2\repository\org\apache\commons\commons-compress\1.9\commons-compress-1.9.jar;D:\.m2\repository\com\fasterxml\jackson\core\jackson-core\2.9.4\jackson-core-2.9.4.jar;D:\.m2\repository\com\fasterxml\jackson\core\jackson-databind\2.9.4\jackson-databind-2.9.4.jar;D:\.m2\repository\com\fasterxml\jackson\core\jackson-annotations\2.9.0\jackson-annotations-2.9.0.jar;D:\.m2\repository\mysql\mysql-connector-java\5.1.45\mysql-connector-java-5.1.45.jar;D:\.m2\repository\org\apache\commons\commons-lang3\3.4\commons-lang3-3.4.jar;D:\.m2\repository\org\webjars\bower\bootstrap\3.3.6\bootstrap-3.3.6.jar;D:\.m2\repository\org\webjars\bower\jquery\3.0.0-rc1\jquery-3.0.0-rc1.jar;D:\.m2\repository\org\webjars\vue\1.0.24\vue-1.0.24.jar;D:\.m2\repository\org\webjars\bower\vue-resource\0.7.0\vue-resource-0.7.0.jar;D:\.m2\repository\org\jsoup\jsoup\1.9.2\jsoup-1.9.2.jar;D:\.m2\repository\org\webjars\jquery\2.0.0\jquery-2.0.0.jar;, user.name=zgd, java.vm.specification.version=1.8, sun.java.command=C:\Users\18630\AppData\Local\Temp\surefire7965361095654687251\surefirebooter6923216477276322659.jar C:\Users\18630\AppData\Local\Temp\surefire7965361095654687251 2019-08-13T17-53-17_774-jvmRun1 surefire4020016947517298383tmp surefire_05764084687422396616tmp, java.home=D:\IDE_1\JDK8\jdk1.8\jre, sun.arch.data.model=64, user.language=zh, java.specification.vendor=Oracle Corporation, awt.toolkit=sun.awt.windows.WToolkit, java.vm.info=mixed mode, java.version=1.8.0_40, java.ext.dirs=D:\IDE_1\JDK8\jdk1.8\jre\lib\ext;C:\WINDOWS\Sun\Java\lib\ext, sun.boot.class.path=D:\IDE_1\JDK8\jdk1.8\jre\lib\resources.jar;D:\IDE_1\JDK8\jdk1.8\jre\lib\rt.jar;D:\IDE_1\JDK8\jdk1.8\jre\lib\sunrsasign.jar;D:\IDE_1\JDK8\jdk1.8\jre\lib\jsse.jar;D:\IDE_1\JDK8\jdk1.8\jre\lib\jce.jar;D:\IDE_1\JDK8\jdk1.8\jre\lib\charsets.jar;D:\IDE_1\JDK8\jdk1.8\jre\lib\jfr.jar;D:\IDE_1\JDK8\jdk1.8\jre\classes, java.vendor=Oracle Corporation, localRepository=D:\.m2\repository, file.separator=\, java.vendor.url.bug=http://bugreport.sun.com/bugreport/, sun.io.unicode.encoding=UnicodeLittle, sun.cpu.endian=little, sun.desktop=windows, sun.cpu.isalist=amd64}}, SystemEnvironmentPropertySource@1027007693 {name='systemEnvironment', properties={PATH=D:\Xshell\;D:\IDE_1\JDK8\jdk1.8\bin;C:\Program Files (x86)\Intel\iCLS Client\;C:\Program Files\Intel\iCLS Client\;C:\WINDOWS\system32;C:\WINDOWS;C:\WINDOWS\System32\Wbem;C:\WINDOWS\System32\WindowsPowerShell\v1.0\;C:\Program Files (x86)\Intel\Intel(R) Management Engine Components\DAL;C:\Program Files\Intel\Intel(R) Management Engine Components\DAL;C:\Program Files (x86)\Intel\Intel(R) Management Engine Components\IPT;C:\Program Files\Intel\Intel(R) Management Engine Components\IPT;C:\Program Files\TortoiseSVN\bin;D:\mysql\mysql-5.6.27-winx64\bin;D:\apache-maven-3.2.1\bin;C:\Program Files\nodejs\;D:\python;D:\python\Scripts;C:\WINDOWS\System32\OpenSSH\;D:\IDE\git\Git\cmd;C:\Program Files\VisualSVN Server\bin;C:\Users\18630\AppData\Local\Microsoft\WindowsApps;C:\Users\18630\AppData\Roaming\npm;D:\IDE_1\JDK8\jdk1.8\bin;D:\IDE_1\JDK8\jdk1.8\jre\bin;;D:\IDEA\IntelliJ IDEA 2018.3.2\bin;, USERDOMAIN_ROAMINGPROFILE=DESKTOP-SQSFTA4, PROCESSOR_LEVEL=6, SYSTEMDRIVE=C:, SESSIONNAME=Console, ALLUSERSPROFILE=C:\ProgramData, PROCESSOR_ARCHITECTURE=AMD64, DRIVERDATA=C:\Windows\System32\Drivers\DriverData, JRE_HOME=D:\IDE_1\JDK8\jdk1.8\jre, PROGRAMFILES=C:\Program Files, MOZ_PLUGIN_PATH=D:\福昕\Foxit Reader\plugins\, PSMODULEPATH=C:\Program Files\WindowsPowerShell\Modules;C:\WINDOWS\system32\WindowsPowerShell\v1.0\Modules;C:\Program Files\VisualSVN Server\PowerShellModules, PROGRAMDATA=C:\ProgramData, USERNAME=zgd, VISUALSVN_SERVER=C:\Program Files\VisualSVN Server\, FPS_BROWSER_USER_PROFILE_STRING=Default, ONEDRIVE=C:\Users\18630\OneDrive, CONFIGSETROOT=C:\WINDOWS\ConfigSetRoot, PATHEXT=.COM;.EXE;.BAT;.CMD;.VBS;.VBE;.JS;.JSE;.WSF;.WSH;.MSC, WINDIR=C:\WINDOWS, HOMEPATH=\Users\18630, PROCESSOR_IDENTIFIER=Intel64 Family 6 Model 142 Stepping 10, GenuineIntel, M2_HOME=D:\apache-maven-3.2.1, PUBLIC=C:\Users\Public, =::=::\, LOCALAPPDATA=C:\Users\18630\AppData\Local, COMMONPROGRAMFILES(X86)=C:\Program Files (x86)\Common Files, USERDOMAIN=DESKTOP-SQSFTA4, FPS_BROWSER_APP_PROFILE_STRING=Internet Explorer, LOGONSERVER=\\DESKTOP-SQSFTA4, JAVA_HOME=D:\IDE_1\JDK8\jdk1.8, PROMPT=$P$G, PROGRAMFILES(X86)=C:\Program Files (x86), ASL.LOG=Destination=file, INTELLIJ IDEA=D:\IDEA\IntelliJ IDEA 2018.3.2\bin;, APPDATA=C:\Users\18630\AppData\Roaming, PROGRAMW6432=C:\Program Files, SYSTEMROOT=C:\WINDOWS, OS=Windows_NT, COMMONPROGRAMW6432=C:\Program Files\Common Files, COMPUTERNAME=DESKTOP-SQSFTA4, COMMONPROGRAMFILES=C:\Program Files\Common Files, COMSPEC=C:\WINDOWS\system32\cmd.exe, PROCESSOR_REVISION=8e0a, =D:=D:\Demo_\ityouknow-favorites-web-master\favorites-web\app, TEMP=C:\Users\18630\AppData\Local\Temp, HOMEDRIVE=C:, USERPROFILE=C:\Users\18630, TMP=C:\Users\18630\AppData\Local\Temp, NUMBER_OF_PROCESSORS=8}}]
17:53:18.889 [main] DEBUG org.springframework.core.io.support.PathMatchingResourcePatternResolver - Resolved classpath location [com/favorites/controller/] to resources [URL [file:/D:/Demo_/ityouknow-favorites-web-master/favorites-web/app/target/test-classes/com/favorites/controller/]]
17:53:18.889 [main] DEBUG org.springframework.core.io.support.PathMatchingResourcePatternResolver - Looking for matching resources in directory tree [D:\Demo_\ityouknow-favorites-web-master\favorites-web\app\target\test-classes\com\favorites\controller]
17:53:18.889 [main] DEBUG org.springframework.core.io.support.PathMatchingResourcePatternResolver - Searching directory [D:\Demo_\ityouknow-favorites-web-master\favorites-web\app\target\test-classes\com\favorites\controller] for files matching pattern [D:/Demo_/ityouknow-favorites-web-master/favorites-web/app/target/test-classes/com/favorites/controller/*.class]
17:53:18.893 [main] DEBUG org.springframework.core.io.support.PathMatchingResourcePatternResolver - Resolved location pattern [classpath*:com/favorites/controller/*.class] to resources [file [D:\Demo_\ityouknow-favorites-web-master\favorites-web\app\target\test-classes\com\favorites\controller\HelloWorldControlerTests.class]]
17:53:18.913 [main] DEBUG org.springframework.core.io.support.PathMatchingResourcePatternResolver - Resolved classpath location [com/favorites/] to resources [URL [file:/D:/Demo_/ityouknow-favorites-web-master/favorites-web/app/target/test-classes/com/favorites/], URL [file:/D:/Demo_/ityouknow-favorites-web-master/favorites-web/app/target/classes/com/favorites/]]
17:53:18.914 [main] DEBUG org.springframework.core.io.support.PathMatchingResourcePatternResolver - Looking for matching resources in directory tree [D:\Demo_\ityouknow-favorites-web-master\favorites-web\app\target\test-classes\com\favorites]
17:53:18.914 [main] DEBUG org.springframework.core.io.support.PathMatchingResourcePatternResolver - Searching directory [D:\Demo_\ityouknow-favorites-web-master\favorites-web\app\target\test-classes\com\favorites] for files matching pattern [D:/Demo_/ityouknow-favorites-web-master/favorites-web/app/target/test-classes/com/favorites/*.class]
17:53:18.914 [main] DEBUG org.springframework.core.io.support.PathMatchingResourcePatternResolver - Looking for matching resources in directory tree [D:\Demo_\ityouknow-favorites-web-master\favorites-web\app\target\classes\com\favorites]
17:53:18.914 [main] DEBUG org.springframework.core.io.support.PathMatchingResourcePatternResolver - Searching directory [D:\Demo_\ityouknow-favorites-web-master\favorites-web\app\target\classes\com\favorites] for files matching pattern [D:/Demo_/ityouknow-favorites-web-master/favorites-web/app/target/classes/com/favorites/*.class]
17:53:18.916 [main] DEBUG org.springframework.core.io.support.PathMatchingResourcePatternResolver - Resolved location pattern [classpath*:com/favorites/*.class] to resources [file [D:\Demo_\ityouknow-favorites-web-master\favorites-web\app\target\classes\com\favorites\FavoritesApplication.class], file [D:\Demo_\ityouknow-favorites-web-master\favorites-web\app\target\classes\com\favorites\WebConfiguration.class]]
17:53:18.941 [main] DEBUG org.springframework.context.annotation.ClassPathScanningCandidateComponentProvider - Identified candidate component class: file [D:\Demo_\ityouknow-favorites-web-master\favorites-web\app\target\classes\com\favorites\FavoritesApplication.class]
17:53:18.945 [main] INFO org.springframework.boot.test.context.SpringBootTestContextBootstrapper - Found @SpringBootConfiguration com.favorites.FavoritesApplication for test class com.favorites.controller.HelloWorldControlerTests
17:53:19.047 [main] DEBUG org.springframework.boot.test.context.SpringBootTestContextBootstrapper - @TestExecutionListeners is not present for class [com.favorites.controller.HelloWorldControlerTests]: using defaults.
17:53:19.048 [main] INFO org.springframework.boot.test.context.SpringBootTestContextBootstrapper - Loaded default TestExecutionListener class names from location [META-INF/spring.factories]: [org.springframework.boot.test.mock.mockito.MockitoTestExecutionListener, org.springframework.boot.test.mock.mockito.ResetMocksTestExecutionListener, org.springframework.boot.test.autoconfigure.restdocs.RestDocsTestExecutionListener, org.springframework.boot.test.autoconfigure.web.client.MockRestServiceServerResetTestExecutionListener, org.springframework.boot.test.autoconfigure.web.servlet.MockMvcPrintOnlyOnFailureTestExecutionListener, org.springframework.boot.test.autoconfigure.web.servlet.WebDriverTestExecutionListener, org.springframework.test.context.web.ServletTestExecutionListener, org.springframework.test.context.support.DirtiesContextBeforeModesTestExecutionListener, org.springframework.test.context.support.DependencyInjectionTestExecutionListener, org.springframework.test.context.support.DirtiesContextTestExecutionListener, org.springframework.test.context.transaction.TransactionalTestExecutionListener, org.springframework.test.context.jdbc.SqlScriptsTestExecutionListener]
17:53:19.070 [main] INFO org.springframework.boot.test.context.SpringBootTestContextBootstrapper - Using TestExecutionListeners: [org.springframework.test.context.web.ServletTestExecutionListener@4e50c791, org.springframework.test.context.support.DirtiesContextBeforeModesTestExecutionListener@7530ad9c, org.springframework.boot.test.mock.mockito.MockitoTestExecutionListener@58a9760d, org.springframework.boot.test.autoconfigure.SpringBootDependencyInjectionTestExecutionListener@71e9ddb4, org.springframework.test.context.support.DirtiesContextTestExecutionListener@394df057, org.springframework.test.context.transaction.TransactionalTestExecutionListener@4961f6af, org.springframework.test.context.jdbc.SqlScriptsTestExecutionListener@5aebe890, org.springframework.boot.test.mock.mockito.ResetMocksTestExecutionListener@65d09a04, org.springframework.boot.test.autoconfigure.restdocs.RestDocsTestExecutionListener@33c911a1, org.springframework.boot.test.autoconfigure.web.client.MockRestServiceServerResetTestExecutionListener@75db5df9, org.springframework.boot.test.autoconfigure.web.servlet.MockMvcPrintOnlyOnFailureTestExecutionListener@707194ba, org.springframework.boot.test.autoconfigure.web.servlet.WebDriverTestExecutionListener@1190200a]
17:53:19.071 [main] DEBUG org.springframework.test.annotation.ProfileValueUtils - Retrieved @ProfileValueSourceConfiguration [null] for test class [com.favorites.controller.HelloWorldControlerTests]
17:53:19.072 [main] DEBUG org.springframework.test.annotation.ProfileValueUtils - Retrieved ProfileValueSource type [class org.springframework.test.annotation.SystemProfileValueSource] for class [com.favorites.controller.HelloWorldControlerTests]
17:53:19.072 [main] DEBUG org.springframework.test.annotation.ProfileValueUtils - Retrieved @ProfileValueSourceConfiguration [null] for test class [com.favorites.controller.HelloWorldControlerTests]
17:53:19.073 [main] DEBUG org.springframework.test.annotation.ProfileValueUtils - Retrieved ProfileValueSource type [class org.springframework.test.annotation.SystemProfileValueSource] for class [com.favorites.controller.HelloWorldControlerTests]
17:53:19.074 [main] DEBUG org.springframework.test.annotation.ProfileValueUtils - Retrieved @ProfileValueSourceConfiguration [null] for test class [com.favorites.controller.HelloWorldControlerTests]
17:53:19.074 [main] DEBUG org.springframework.test.annotation.ProfileValueUtils - Retrieved ProfileValueSource type [class org.springframework.test.annotation.SystemProfileValueSource] for class [com.favorites.controller.HelloWorldControlerTests]
17:53:19.081 [main] DEBUG org.springframework.test.context.support.AbstractDirtiesContextTestExecutionListener - Before test class: context [DefaultTestContext@38102d01 testClass = HelloWorldControlerTests, testInstance = [null], testMethod = [null], testException = [null], mergedContextConfiguration = [WebMergedContextConfiguration@37883b97 testClass = HelloWorldControlerTests, locations = '{}', classes = '{class com.favorites.FavoritesApplication}', contextInitializerClasses = '[]', activeProfiles = '{}', propertySourceLocations = '{}', propertySourceProperties = '{org.springframework.boot.test.context.SpringBootTestContextBootstrapper=true}', contextCustomizers = set[org.springframework.boot.test.context.filter.ExcludeFilterContextCustomizer@5e955596, org.springframework.boot.test.json.DuplicateJsonObjectContextCustomizerFactory$DuplicateJsonObjectContextCustomizer@60438a68, org.springframework.boot.test.mock.mockito.MockitoContextCustomizer@0, org.springframework.boot.test.web.client.TestRestTemplateContextCustomizer@1efee8e7, org.springframework.boot.test.autoconfigure.properties.PropertyMappingContextCustomizer@0, org.springframework.boot.test.autoconfigure.web.servlet.WebDriverContextCustomizerFactory$Customizer@76329302, org.springframework.test.context.web.socket.MockServerContainerContextCustomizer@b59d31], resourceBasePath = 'src/main/webapp', contextLoader = 'org.springframework.boot.test.context.SpringBootContextLoader', parent = [null]], attributes = map['org.springframework.test.context.web.ServletTestExecutionListener.activateListener' -> true]], class annotated with @DirtiesContext [false] with mode [null].
17:53:19.082 [main] DEBUG org.springframework.test.annotation.ProfileValueUtils - Retrieved @ProfileValueSourceConfiguration [null] for test class [com.favorites.controller.HelloWorldControlerTests]
17:53:19.082 [main] DEBUG org.springframework.test.annotation.ProfileValueUtils - Retrieved ProfileValueSource type [class org.springframework.test.annotation.SystemProfileValueSource] for class [com.favorites.controller.HelloWorldControlerTests]
17:53:19.111 [main] DEBUG org.springframework.core.env.StandardEnvironment - Adding PropertySource 'systemProperties' with lowest search precedence
17:53:19.112 [main] DEBUG org.springframework.core.env.StandardEnvironment - Adding PropertySource 'systemEnvironment' with lowest search precedence
17:53:19.112 [main] DEBUG org.springframework.core.env.StandardEnvironment - Initialized StandardEnvironment with PropertySources [MapPropertySource@1819776360 {name='systemProperties', properties={idea.version=2018.3.2, java.runtime.name=Java(TM) SE Runtime Environment, sun.boot.library.path=D:\IDE_1\JDK8\jdk1.8\jre\bin, java.vm.version=25.40-b25, java.vm.vendor=Oracle Corporation, java.vendor.url=http://java.oracle.com/, path.separator=;, java.vm.name=Java HotSpot(TM) 64-Bit Server VM, file.encoding.pkg=sun.io, user.country=CN, user.script=, sun.java.launcher=SUN_STANDARD, sun.os.patch.level=, java.vm.specification.name=Java Virtual Machine Specification, user.dir=D:\Demo_\ityouknow-favorites-web-master\favorites-web\app, java.runtime.version=1.8.0_40-b26, basedir=D:\Demo_\ityouknow-favorites-web-master\favorites-web\app, java.awt.graphicsenv=sun.awt.Win32GraphicsEnvironment, java.endorsed.dirs=D:\IDE_1\JDK8\jdk1.8\jre\lib\endorsed, os.arch=amd64, surefire.real.class.path=C:\Users\18630\AppData\Local\Temp\surefire7965361095654687251\surefirebooter6923216477276322659.jar, java.io.tmpdir=C:\Users\18630\AppData\Local\Temp\, line.separator=
, java.vm.specification.vendor=Oracle Corporation, user.variant=, os.name=Windows 8.1, sun.jnu.encoding=GBK, java.library.path=D:\IDE_1\JDK8\jdk1.8\jre\bin;C:\WINDOWS\Sun\Java\bin;C:\WINDOWS\system32;C:\WINDOWS;D:\Xshell\;D:\IDE_1\JDK8\jdk1.8\bin;C:\Program Files (x86)\Intel\iCLS Client\;C:\Program Files\Intel\iCLS Client\;C:\WINDOWS\system32;C:\WINDOWS;C:\WINDOWS\System32\Wbem;C:\WINDOWS\System32\WindowsPowerShell\v1.0\;C:\Program Files (x86)\Intel\Intel(R) Management Engine Components\DAL;C:\Program Files\Intel\Intel(R) Management Engine Components\DAL;C:\Program Files (x86)\Intel\Intel(R) Management Engine Components\IPT;C:\Program Files\Intel\Intel(R) Management Engine Components\IPT;C:\Program Files\TortoiseSVN\bin;D:\mysql\mysql-5.6.27-winx64\bin;D:\apache-maven-3.2.1\bin;C:\Program Files\nodejs\;D:\python;D:\python\Scripts;C:\WINDOWS\System32\OpenSSH\;D:\IDE\git\Git\cmd;C:\Program Files\VisualSVN Server\bin;C:\Users\18630\AppData\Local\Microsoft\WindowsApps;C:\Users\18630\AppData\Roaming\npm;D:\IDE_1\JDK8\jdk1.8\bin;D:\IDE_1\JDK8\jdk1.8\jre\bin;;D:\IDEA\IntelliJ IDEA 2018.3.2\bin;;., surefire.test.class.path=D:\Demo_\ityouknow-favorites-web-master\favorites-web\app\target\test-classes;D:\Demo_\ityouknow-favorites-web-master\favorites-web\app\target\classes;D:\.m2\repository\org\springframework\boot\spring-boot-starter-web\2.0.0.RELEASE\spring-boot-starter-web-2.0.0.RELEASE.jar;D:\.m2\repository\org\springframework\boot\spring-boot-starter\2.0.0.RELEASE\spring-boot-starter-2.0.0.RELEASE.jar;D:\.m2\repository\org\springframework\boot\spring-boot-starter-logging\2.0.0.RELEASE\spring-boot-starter-logging-2.0.0.RELEASE.jar;D:\.m2\repository\ch\qos\logback\logback-classic\1.2.3\logback-classic-1.2.3.jar;D:\.m2\repository\ch\qos\logback\logback-core\1.2.3\logback-core-1.2.3.jar;D:\.m2\repository\org\apache\logging\log4j\log4j-to-slf4j\2.10.0\log4j-to-slf4j-2.10.0.jar;D:\.m2\repository\org\apache\logging\log4j\log4j-api\2.10.0\log4j-api-2.10.0.jar;D:\.m2\repository\org\slf4j\jul-to-slf4j\1.7.25\jul-to-slf4j-1.7.25.jar;D:\.m2\repository\javax\annotation\javax.annotation-api\1.3.2\javax.annotation-api-1.3.2.jar;D:\.m2\repository\org\yaml\snakeyaml\1.19\snakeyaml-1.19.jar;D:\.m2\repository\org\springframework\boot\spring-boot-starter-json\2.0.0.RELEASE\spring-boot-starter-json-2.0.0.RELEASE.jar;D:\.m2\repository\com\fasterxml\jackson\datatype\jackson-datatype-jdk8\2.9.4\jackson-datatype-jdk8-2.9.4.jar;D:\.m2\repository\com\fasterxml\jackson\datatype\jackson-datatype-jsr310\2.9.4\jackson-datatype-jsr310-2.9.4.jar;D:\.m2\repository\com\fasterxml\jackson\module\jackson-module-parameter-names\2.9.4\jackson-module-parameter-names-2.9.4.jar;D:\.m2\repository\org\springframework\boot\spring-boot-starter-tomcat\2.0.0.RELEASE\spring-boot-starter-tomcat-2.0.0.RELEASE.jar;D:\.m2\repository\org\apache\tomcat\embed\tomcat-embed-core\8.5.28\tomcat-embed-core-8.5.28.jar;D:\.m2\repository\org\apache\tomcat\embed\tomcat-embed-el\8.5.28\tomcat-embed-el-8.5.28.jar;D:\.m2\repository\org\apache\tomcat\embed\tomcat-embed-websocket\8.5.28\tomcat-embed-websocket-8.5.28.jar;D:\.m2\repository\org\hibernate\validator\hibernate-validator\6.0.7.Final\hibernate-validator-6.0.7.Final.jar;D:\.m2\repository\javax\validation\validation-api\2.0.1.Final\validation-api-2.0.1.Final.jar;D:\.m2\repository\org\jboss\logging\jboss-logging\3.3.2.Final\jboss-logging-3.3.2.Final.jar;D:\.m2\repository\com\fasterxml\classmate\1.3.4\classmate-1.3.4.jar;D:\.m2\repository\org\springframework\spring-web\5.0.4.RELEASE\spring-web-5.0.4.RELEASE.jar;D:\.m2\repository\org\springframework\spring-beans\5.0.4.RELEASE\spring-beans-5.0.4.RELEASE.jar;D:\.m2\repository\org\springframework\spring-webmvc\5.0.4.RELEASE\spring-webmvc-5.0.4.RELEASE.jar;D:\.m2\repository\org\springframework\spring-aop\5.0.4.RELEASE\spring-aop-5.0.4.RELEASE.jar;D:\.m2\repository\org\springframework\spring-expression\5.0.4.RELEASE\spring-expression-5.0.4.RELEASE.jar;D:\.m2\repository\org\springframework\boot\spring-boot-starter-thymeleaf\2.0.0.RELEASE\spring-boot-starter-thymeleaf-2.0.0.RELEASE.jar;D:\.m2\repository\org\thymeleaf\thymeleaf-spring5\3.0.9.RELEASE\thymeleaf-spring5-3.0.9.RELEASE.jar;D:\.m2\repository\org\slf4j\slf4j-api\1.7.25\slf4j-api-1.7.25.jar;D:\.m2\repository\org\thymeleaf\extras\thymeleaf-extras-java8time\3.0.1.RELEASE\thymeleaf-extras-java8time-3.0.1.RELEASE.jar;D:\.m2\repository\nz\net\ultraq\thymeleaf\thymeleaf-layout-dialect\2.3.0\thymeleaf-layout-dialect-2.3.0.jar;D:\.m2\repository\nz\net\ultraq\thymeleaf\thymeleaf-expression-processor\1.1.3\thymeleaf-expression-processor-1.1.3.jar;D:\.m2\repository\org\codehaus\groovy\groovy\2.4.13\groovy-2.4.13.jar;D:\.m2\repository\org\thymeleaf\thymeleaf\3.0.9.RELEASE\thymeleaf-3.0.9.RELEASE.jar;D:\.m2\repository\ognl\ognl\3.1.12\ognl-3.1.12.jar;D:\.m2\repository\org\attoparser\attoparser\2.0.4.RELEASE\attoparser-2.0.4.RELEASE.jar;D:\.m2\repository\org\unbescape\unbescape\1.1.5.RELEASE\unbescape-1.1.5.RELEASE.jar;D:\.m2\repository\org\springframework\boot\spring-boot-starter-data-jpa\2.0.0.RELEASE\spring-boot-starter-data-jpa-2.0.0.RELEASE.jar;D:\.m2\repository\org\springframework\boot\spring-boot-starter-aop\2.0.0.RELEASE\spring-boot-starter-aop-2.0.0.RELEASE.jar;D:\.m2\repository\org\aspectj\aspectjweaver\1.8.13\aspectjweaver-1.8.13.jar;D:\.m2\repository\org\springframework\boot\spring-boot-starter-jdbc\2.0.0.RELEASE\spring-boot-starter-jdbc-2.0.0.RELEASE.jar;D:\.m2\repository\com\zaxxer\HikariCP\2.7.8\HikariCP-2.7.8.jar;D:\.m2\repository\org\springframework\spring-jdbc\5.0.4.RELEASE\spring-jdbc-5.0.4.RELEASE.jar;D:\.m2\repository\org\hibernate\hibernate-core\5.2.14.Final\hibernate-core-5.2.14.Final.jar;D:\.m2\repository\org\hibernate\javax\persistence\hibernate-jpa-2.1-api\1.0.0.Final\hibernate-jpa-2.1-api-1.0.0.Final.jar;D:\.m2\repository\org\javassist\javassist\3.22.0-GA\javassist-3.22.0-GA.jar;D:\.m2\repository\antlr\antlr\2.7.7\antlr-2.7.7.jar;D:\.m2\repository\org\jboss\jandex\2.0.3.Final\jandex-2.0.3.Final.jar;D:\.m2\repository\dom4j\dom4j\1.6.1\dom4j-1.6.1.jar;D:\.m2\repository\org\hibernate\common\hibernate-commons-annotations\5.0.1.Final\hibernate-commons-annotations-5.0.1.Final.jar;D:\.m2\repository\javax\transaction\javax.transaction-api\1.2\javax.transaction-api-1.2.jar;D:\.m2\repository\org\springframework\data\spring-data-jpa\2.0.5.RELEASE\spring-data-jpa-2.0.5.RELEASE.jar;D:\.m2\repository\org\springframework\data\spring-data-commons\2.0.5.RELEASE\spring-data-commons-2.0.5.RELEASE.jar;D:\.m2\repository\org\springframework\spring-orm\5.0.4.RELEASE\spring-orm-5.0.4.RELEASE.jar;D:\.m2\repository\org\springframework\spring-tx\5.0.4.RELEASE\spring-tx-5.0.4.RELEASE.jar;D:\.m2\repository\org\springframework\spring-aspects\5.0.4.RELEASE\spring-aspects-5.0.4.RELEASE.jar;D:\.m2\repository\org\springframework\boot\spring-boot-devtools\2.0.0.RELEASE\spring-boot-devtools-2.0.0.RELEASE.jar;D:\.m2\repository\org\springframework\boot\spring-boot\2.0.0.RELEASE\spring-boot-2.0.0.RELEASE.jar;D:\.m2\repository\org\springframework\boot\spring-boot-autoconfigure\2.0.0.RELEASE\spring-boot-autoconfigure-2.0.0.RELEASE.jar;D:\.m2\repository\org\springframework\boot\spring-boot-starter-test\2.0.0.RELEASE\spring-boot-starter-test-2.0.0.RELEASE.jar;D:\.m2\repository\org\springframework\boot\spring-boot-test\2.0.0.RELEASE\spring-boot-test-2.0.0.RELEASE.jar;D:\.m2\repository\org\springframework\boot\spring-boot-test-autoconfigure\2.0.0.RELEASE\spring-boot-test-autoconfigure-2.0.0.RELEASE.jar;D:\.m2\repository\com\jayway\jsonpath\json-path\2.4.0\json-path-2.4.0.jar;D:\.m2\repository\net\minidev\json-smart\2.3\json-smart-2.3.jar;D:\.m2\repository\net\minidev\accessors-smart\1.2\accessors-smart-1.2.jar;D:\.m2\repository\org\ow2\asm\asm\5.0.4\asm-5.0.4.jar;D:\.m2\repository\junit\junit\4.12\junit-4.12.jar;D:\.m2\repository\org\assertj\assertj-core\3.9.1\assertj-core-3.9.1.jar;D:\.m2\repository\org\mockito\mockito-core\2.15.0\mockito-core-2.15.0.jar;D:\.m2\repository\net\bytebuddy\byte-buddy\1.7.10\byte-buddy-1.7.10.jar;D:\.m2\repository\net\bytebuddy\byte-buddy-agent\1.7.10\byte-buddy-agent-1.7.10.jar;D:\.m2\repository\org\objenesis\objenesis\2.6\objenesis-2.6.jar;D:\.m2\repository\org\hamcrest\hamcrest-core\1.3\hamcrest-core-1.3.jar;D:\.m2\repository\org\hamcrest\hamcrest-library\1.3\hamcrest-library-1.3.jar;D:\.m2\repository\org\skyscreamer\jsonassert\1.5.0\jsonassert-1.5.0.jar;D:\.m2\repository\com\vaadin\external\google\android-json\0.0.20131108.vaadin1\android-json-0.0.20131108.vaadin1.jar;D:\.m2\repository\org\springframework\spring-core\5.0.4.RELEASE\spring-core-5.0.4.RELEASE.jar;D:\.m2\repository\org\springframework\spring-jcl\5.0.4.RELEASE\spring-jcl-5.0.4.RELEASE.jar;D:\.m2\repository\org\springframework\spring-test\5.0.4.RELEASE\spring-test-5.0.4.RELEASE.jar;D:\.m2\repository\org\xmlunit\xmlunit-core\2.5.1\xmlunit-core-2.5.1.jar;D:\.m2\repository\org\springframework\boot\spring-boot-starter-mail\2.0.0.RELEASE\spring-boot-starter-mail-2.0.0.RELEASE.jar;D:\.m2\repository\org\springframework\spring-context\5.0.4.RELEASE\spring-context-5.0.4.RELEASE.jar;D:\.m2\repository\org\springframework\spring-context-support\5.0.4.RELEASE\spring-context-support-5.0.4.RELEASE.jar;D:\.m2\repository\com\sun\mail\javax.mail\1.6.1\javax.mail-1.6.1.jar;D:\.m2\repository\javax\activation\activation\1.1\activation-1.1.jar;D:\.m2\repository\org\webjars\webjars-locator\0.33\webjars-locator-0.33.jar;D:\.m2\repository\org\webjars\webjars-locator-core\0.35\webjars-locator-core-0.35.jar;D:\.m2\repository\org\apache\commons\commons-compress\1.9\commons-compress-1.9.jar;D:\.m2\repository\com\fasterxml\jackson\core\jackson-core\2.9.4\jackson-core-2.9.4.jar;D:\.m2\repository\com\fasterxml\jackson\core\jackson-databind\2.9.4\jackson-databind-2.9.4.jar;D:\.m2\repository\com\fasterxml\jackson\core\jackson-annotations\2.9.0\jackson-annotations-2.9.0.jar;D:\.m2\repository\mysql\mysql-connector-java\5.1.45\mysql-connector-java-5.1.45.jar;D:\.m2\repository\org\apache\commons\commons-lang3\3.4\commons-lang3-3.4.jar;D:\.m2\repository\org\webjars\bower\bootstrap\3.3.6\bootstrap-3.3.6.jar;D:\.m2\repository\org\webjars\bower\jquery\3.0.0-rc1\jquery-3.0.0-rc1.jar;D:\.m2\repository\org\webjars\vue\1.0.24\vue-1.0.24.jar;D:\.m2\repository\org\webjars\bower\vue-resource\0.7.0\vue-resource-0.7.0.jar;D:\.m2\repository\org\jsoup\jsoup\1.9.2\jsoup-1.9.2.jar;D:\.m2\repository\org\webjars\jquery\2.0.0\jquery-2.0.0.jar;, java.specification.name=Java Platform API Specification, java.class.version=52.0, sun.management.compiler=HotSpot 64-Bit Tiered Compilers, os.version=6.3, user.home=C:\Users\18630, user.timezone=Asia/Shanghai, java.awt.printerjob=sun.awt.windows.WPrinterJob, file.encoding=GBK, java.specification.version=1.8, java.class.path=D:\Demo_\ityouknow-favorites-web-master\favorites-web\app\target\test-classes;D:\Demo_\ityouknow-favorites-web-master\favorites-web\app\target\classes;D:\.m2\repository\org\springframework\boot\spring-boot-starter-web\2.0.0.RELEASE\spring-boot-starter-web-2.0.0.RELEASE.jar;D:\.m2\repository\org\springframework\boot\spring-boot-starter\2.0.0.RELEASE\spring-boot-starter-2.0.0.RELEASE.jar;D:\.m2\repository\org\springframework\boot\spring-boot-starter-logging\2.0.0.RELEASE\spring-boot-starter-logging-2.0.0.RELEASE.jar;D:\.m2\repository\ch\qos\logback\logback-classic\1.2.3\logback-classic-1.2.3.jar;D:\.m2\repository\ch\qos\logback\logback-core\1.2.3\logback-core-1.2.3.jar;D:\.m2\repository\org\apache\logging\log4j\log4j-to-slf4j\2.10.0\log4j-to-slf4j-2.10.0.jar;D:\.m2\repository\org\apache\logging\log4j\log4j-api\2.10.0\log4j-api-2.10.0.jar;D:\.m2\repository\org\slf4j\jul-to-slf4j\1.7.25\jul-to-slf4j-1.7.25.jar;D:\.m2\repository\javax\annotation\javax.annotation-api\1.3.2\javax.annotation-api-1.3.2.jar;D:\.m2\repository\org\yaml\snakeyaml\1.19\snakeyaml-1.19.jar;D:\.m2\repository\org\springframework\boot\spring-boot-starter-json\2.0.0.RELEASE\spring-boot-starter-json-2.0.0.RELEASE.jar;D:\.m2\repository\com\fasterxml\jackson\datatype\jackson-datatype-jdk8\2.9.4\jackson-datatype-jdk8-2.9.4.jar;D:\.m2\repository\com\fasterxml\jackson\datatype\jackson-datatype-jsr310\2.9.4\jackson-datatype-jsr310-2.9.4.jar;D:\.m2\repository\com\fasterxml\jackson\module\jackson-module-parameter-names\2.9.4\jackson-module-parameter-names-2.9.4.jar;D:\.m2\repository\org\springframework\boot\spring-boot-starter-tomcat\2.0.0.RELEASE\spring-boot-starter-tomcat-2.0.0.RELEASE.jar;D:\.m2\repository\org\apache\tomcat\embed\tomcat-embed-core\8.5.28\tomcat-embed-core-8.5.28.jar;D:\.m2\repository\org\apache\tomcat\embed\tomcat-embed-el\8.5.28\tomcat-embed-el-8.5.28.jar;D:\.m2\repository\org\apache\tomcat\embed\tomcat-embed-websocket\8.5.28\tomcat-embed-websocket-8.5.28.jar;D:\.m2\repository\org\hibernate\validator\hibernate-validator\6.0.7.Final\hibernate-validator-6.0.7.Final.jar;D:\.m2\repository\javax\validation\validation-api\2.0.1.Final\validation-api-2.0.1.Final.jar;D:\.m2\repository\org\jboss\logging\jboss-logging\3.3.2.Final\jboss-logging-3.3.2.Final.jar;D:\.m2\repository\com\fasterxml\classmate\1.3.4\classmate-1.3.4.jar;D:\.m2\repository\org\springframework\spring-web\5.0.4.RELEASE\spring-web-5.0.4.RELEASE.jar;D:\.m2\repository\org\springframework\spring-beans\5.0.4.RELEASE\spring-beans-5.0.4.RELEASE.jar;D:\.m2\repository\org\springframework\spring-webmvc\5.0.4.RELEASE\spring-webmvc-5.0.4.RELEASE.jar;D:\.m2\repository\org\springframework\spring-aop\5.0.4.RELEASE\spring-aop-5.0.4.RELEASE.jar;D:\.m2\repository\org\springframework\spring-expression\5.0.4.RELEASE\spring-expression-5.0.4.RELEASE.jar;D:\.m2\repository\org\springframework\boot\spring-boot-starter-thymeleaf\2.0.0.RELEASE\spring-boot-starter-thymeleaf-2.0.0.RELEASE.jar;D:\.m2\repository\org\thymeleaf\thymeleaf-spring5\3.0.9.RELEASE\thymeleaf-spring5-3.0.9.RELEASE.jar;D:\.m2\repository\org\slf4j\slf4j-api\1.7.25\slf4j-api-1.7.25.jar;D:\.m2\repository\org\thymeleaf\extras\thymeleaf-extras-java8time\3.0.1.RELEASE\thymeleaf-extras-java8time-3.0.1.RELEASE.jar;D:\.m2\repository\nz\net\ultraq\thymeleaf\thymeleaf-layout-dialect\2.3.0\thymeleaf-layout-dialect-2.3.0.jar;D:\.m2\repository\nz\net\ultraq\thymeleaf\thymeleaf-expression-processor\1.1.3\thymeleaf-expression-processor-1.1.3.jar;D:\.m2\repository\org\codehaus\groovy\groovy\2.4.13\groovy-2.4.13.jar;D:\.m2\repository\org\thymeleaf\thymeleaf\3.0.9.RELEASE\thymeleaf-3.0.9.RELEASE.jar;D:\.m2\repository\ognl\ognl\3.1.12\ognl-3.1.12.jar;D:\.m2\repository\org\attoparser\attoparser\2.0.4.RELEASE\attoparser-2.0.4.RELEASE.jar;D:\.m2\repository\org\unbescape\unbescape\1.1.5.RELEASE\unbescape-1.1.5.RELEASE.jar;D:\.m2\repository\org\springframework\boot\spring-boot-starter-data-jpa\2.0.0.RELEASE\spring-boot-starter-data-jpa-2.0.0.RELEASE.jar;D:\.m2\repository\org\springframework\boot\spring-boot-starter-aop\2.0.0.RELEASE\spring-boot-starter-aop-2.0.0.RELEASE.jar;D:\.m2\repository\org\aspectj\aspectjweaver\1.8.13\aspectjweaver-1.8.13.jar;D:\.m2\repository\org\springframework\boot\spring-boot-starter-jdbc\2.0.0.RELEASE\spring-boot-starter-jdbc-2.0.0.RELEASE.jar;D:\.m2\repository\com\zaxxer\HikariCP\2.7.8\HikariCP-2.7.8.jar;D:\.m2\repository\org\springframework\spring-jdbc\5.0.4.RELEASE\spring-jdbc-5.0.4.RELEASE.jar;D:\.m2\repository\org\hibernate\hibernate-core\5.2.14.Final\hibernate-core-5.2.14.Final.jar;D:\.m2\repository\org\hibernate\javax\persistence\hibernate-jpa-2.1-api\1.0.0.Final\hibernate-jpa-2.1-api-1.0.0.Final.jar;D:\.m2\repository\org\javassist\javassist\3.22.0-GA\javassist-3.22.0-GA.jar;D:\.m2\repository\antlr\antlr\2.7.7\antlr-2.7.7.jar;D:\.m2\repository\org\jboss\jandex\2.0.3.Final\jandex-2.0.3.Final.jar;D:\.m2\repository\dom4j\dom4j\1.6.1\dom4j-1.6.1.jar;D:\.m2\repository\org\hibernate\common\hibernate-commons-annotations\5.0.1.Final\hibernate-commons-annotations-5.0.1.Final.jar;D:\.m2\repository\javax\transaction\javax.transaction-api\1.2\javax.transaction-api-1.2.jar;D:\.m2\repository\org\springframework\data\spring-data-jpa\2.0.5.RELEASE\spring-data-jpa-2.0.5.RELEASE.jar;D:\.m2\repository\org\springframework\data\spring-data-commons\2.0.5.RELEASE\spring-data-commons-2.0.5.RELEASE.jar;D:\.m2\repository\org\springframework\spring-orm\5.0.4.RELEASE\spring-orm-5.0.4.RELEASE.jar;D:\.m2\repository\org\springframework\spring-tx\5.0.4.RELEASE\spring-tx-5.0.4.RELEASE.jar;D:\.m2\repository\org\springframework\spring-aspects\5.0.4.RELEASE\spring-aspects-5.0.4.RELEASE.jar;D:\.m2\repository\org\springframework\boot\spring-boot-devtools\2.0.0.RELEASE\spring-boot-devtools-2.0.0.RELEASE.jar;D:\.m2\repository\org\springframework\boot\spring-boot\2.0.0.RELEASE\spring-boot-2.0.0.RELEASE.jar;D:\.m2\repository\org\springframework\boot\spring-boot-autoconfigure\2.0.0.RELEASE\spring-boot-autoconfigure-2.0.0.RELEASE.jar;D:\.m2\repository\org\springframework\boot\spring-boot-starter-test\2.0.0.RELEASE\spring-boot-starter-test-2.0.0.RELEASE.jar;D:\.m2\repository\org\springframework\boot\spring-boot-test\2.0.0.RELEASE\spring-boot-test-2.0.0.RELEASE.jar;D:\.m2\repository\org\springframework\boot\spring-boot-test-autoconfigure\2.0.0.RELEASE\spring-boot-test-autoconfigure-2.0.0.RELEASE.jar;D:\.m2\repository\com\jayway\jsonpath\json-path\2.4.0\json-path-2.4.0.jar;D:\.m2\repository\net\minidev\json-smart\2.3\json-smart-2.3.jar;D:\.m2\repository\net\minidev\accessors-smart\1.2\accessors-smart-1.2.jar;D:\.m2\repository\org\ow2\asm\asm\5.0.4\asm-5.0.4.jar;D:\.m2\repository\junit\junit\4.12\junit-4.12.jar;D:\.m2\repository\org\assertj\assertj-core\3.9.1\assertj-core-3.9.1.jar;D:\.m2\repository\org\mockito\mockito-core\2.15.0\mockito-core-2.15.0.jar;D:\.m2\repository\net\bytebuddy\byte-buddy\1.7.10\byte-buddy-1.7.10.jar;D:\.m2\repository\net\bytebuddy\byte-buddy-agent\1.7.10\byte-buddy-agent-1.7.10.jar;D:\.m2\repository\org\objenesis\objenesis\2.6\objenesis-2.6.jar;D:\.m2\repository\org\hamcrest\hamcrest-core\1.3\hamcrest-core-1.3.jar;D:\.m2\repository\org\hamcrest\hamcrest-library\1.3\hamcrest-library-1.3.jar;D:\.m2\repository\org\skyscreamer\jsonassert\1.5.0\jsonassert-1.5.0.jar;D:\.m2\repository\com\vaadin\external\google\android-json\0.0.20131108.vaadin1\android-json-0.0.20131108.vaadin1.jar;D:\.m2\repository\org\springframework\spring-core\5.0.4.RELEASE\spring-core-5.0.4.RELEASE.jar;D:\.m2\repository\org\springframework\spring-jcl\5.0.4.RELEASE\spring-jcl-5.0.4.RELEASE.jar;D:\.m2\repository\org\springframework\spring-test\5.0.4.RELEASE\spring-test-5.0.4.RELEASE.jar;D:\.m2\repository\org\xmlunit\xmlunit-core\2.5.1\xmlunit-core-2.5.1.jar;D:\.m2\repository\org\springframework\boot\spring-boot-starter-mail\2.0.0.RELEASE\spring-boot-starter-mail-2.0.0.RELEASE.jar;D:\.m2\repository\org\springframework\spring-context\5.0.4.RELEASE\spring-context-5.0.4.RELEASE.jar;D:\.m2\repository\org\springframework\spring-context-support\5.0.4.RELEASE\spring-context-support-5.0.4.RELEASE.jar;D:\.m2\repository\com\sun\mail\javax.mail\1.6.1\javax.mail-1.6.1.jar;D:\.m2\repository\javax\activation\activation\1.1\activation-1.1.jar;D:\.m2\repository\org\webjars\webjars-locator\0.33\webjars-locator-0.33.jar;D:\.m2\repository\org\webjars\webjars-locator-core\0.35\webjars-locator-core-0.35.jar;D:\.m2\repository\org\apache\commons\commons-compress\1.9\commons-compress-1.9.jar;D:\.m2\repository\com\fasterxml\jackson\core\jackson-core\2.9.4\jackson-core-2.9.4.jar;D:\.m2\repository\com\fasterxml\jackson\core\jackson-databind\2.9.4\jackson-databind-2.9.4.jar;D:\.m2\repository\com\fasterxml\jackson\core\jackson-annotations\2.9.0\jackson-annotations-2.9.0.jar;D:\.m2\repository\mysql\mysql-connector-java\5.1.45\mysql-connector-java-5.1.45.jar;D:\.m2\repository\org\apache\commons\commons-lang3\3.4\commons-lang3-3.4.jar;D:\.m2\repository\org\webjars\bower\bootstrap\3.3.6\bootstrap-3.3.6.jar;D:\.m2\repository\org\webjars\bower\jquery\3.0.0-rc1\jquery-3.0.0-rc1.jar;D:\.m2\repository\org\webjars\vue\1.0.24\vue-1.0.24.jar;D:\.m2\repository\org\webjars\bower\vue-resource\0.7.0\vue-resource-0.7.0.jar;D:\.m2\repository\org\jsoup\jsoup\1.9.2\jsoup-1.9.2.jar;D:\.m2\repository\org\webjars\jquery\2.0.0\jquery-2.0.0.jar;, user.name=zgd, java.vm.specification.version=1.8, sun.java.command=C:\Users\18630\AppData\Local\Temp\surefire7965361095654687251\surefirebooter6923216477276322659.jar C:\Users\18630\AppData\Local\Temp\surefire7965361095654687251 2019-08-13T17-53-17_774-jvmRun1 surefire4020016947517298383tmp surefire_05764084687422396616tmp, java.home=D:\IDE_1\JDK8\jdk1.8\jre, sun.arch.data.model=64, user.language=zh, java.specification.vendor=Oracle Corporation, awt.toolkit=sun.awt.windows.WToolkit, java.vm.info=mixed mode, java.version=1.8.0_40, java.ext.dirs=D:\IDE_1\JDK8\jdk1.8\jre\lib\ext;C:\WINDOWS\Sun\Java\lib\ext, sun.boot.class.path=D:\IDE_1\JDK8\jdk1.8\jre\lib\resources.jar;D:\IDE_1\JDK8\jdk1.8\jre\lib\rt.jar;D:\IDE_1\JDK8\jdk1.8\jre\lib\sunrsasign.jar;D:\IDE_1\JDK8\jdk1.8\jre\lib\jsse.jar;D:\IDE_1\JDK8\jdk1.8\jre\lib\jce.jar;D:\IDE_1\JDK8\jdk1.8\jre\lib\charsets.jar;D:\IDE_1\JDK8\jdk1.8\jre\lib\jfr.jar;D:\IDE_1\JDK8\jdk1.8\jre\classes, java.vendor=Oracle Corporation, localRepository=D:\.m2\repository, file.separator=\, java.vendor.url.bug=http://bugreport.sun.com/bugreport/, sun.io.unicode.encoding=UnicodeLittle, sun.cpu.endian=little, sun.desktop=windows, sun.cpu.isalist=amd64}}, SystemEnvironmentPropertySource@255334292 {name='systemEnvironment', properties={PATH=D:\Xshell\;D:\IDE_1\JDK8\jdk1.8\bin;C:\Program Files (x86)\Intel\iCLS Client\;C:\Program Files\Intel\iCLS Client\;C:\WINDOWS\system32;C:\WINDOWS;C:\WINDOWS\System32\Wbem;C:\WINDOWS\System32\WindowsPowerShell\v1.0\;C:\Program Files (x86)\Intel\Intel(R) Management Engine Components\DAL;C:\Program Files\Intel\Intel(R) Management Engine Components\DAL;C:\Program Files (x86)\Intel\Intel(R) Management Engine Components\IPT;C:\Program Files\Intel\Intel(R) Management Engine Components\IPT;C:\Program Files\TortoiseSVN\bin;D:\mysql\mysql-5.6.27-winx64\bin;D:\apache-maven-3.2.1\bin;C:\Program Files\nodejs\;D:\python;D:\python\Scripts;C:\WINDOWS\System32\OpenSSH\;D:\IDE\git\Git\cmd;C:\Program Files\VisualSVN Server\bin;C:\Users\18630\AppData\Local\Microsoft\WindowsApps;C:\Users\18630\AppData\Roaming\npm;D:\IDE_1\JDK8\jdk1.8\bin;D:\IDE_1\JDK8\jdk1.8\jre\bin;;D:\IDEA\IntelliJ IDEA 2018.3.2\bin;, USERDOMAIN_ROAMINGPROFILE=DESKTOP-SQSFTA4, PROCESSOR_LEVEL=6, SYSTEMDRIVE=C:, SESSIONNAME=Console, ALLUSERSPROFILE=C:\ProgramData, PROCESSOR_ARCHITECTURE=AMD64, DRIVERDATA=C:\Windows\System32\Drivers\DriverData, JRE_HOME=D:\IDE_1\JDK8\jdk1.8\jre, PROGRAMFILES=C:\Program Files, MOZ_PLUGIN_PATH=D:\福昕\Foxit Reader\plugins\, PSMODULEPATH=C:\Program Files\WindowsPowerShell\Modules;C:\WINDOWS\system32\WindowsPowerShell\v1.0\Modules;C:\Program Files\VisualSVN Server\PowerShellModules, PROGRAMDATA=C:\ProgramData, USERNAME=zgd, VISUALSVN_SERVER=C:\Program Files\VisualSVN Server\, FPS_BROWSER_USER_PROFILE_STRING=Default, ONEDRIVE=C:\Users\18630\OneDrive, CONFIGSETROOT=C:\WINDOWS\ConfigSetRoot, PATHEXT=.COM;.EXE;.BAT;.CMD;.VBS;.VBE;.JS;.JSE;.WSF;.WSH;.MSC, WINDIR=C:\WINDOWS, HOMEPATH=\Users\18630, PROCESSOR_IDENTIFIER=Intel64 Family 6 Model 142 Stepping 10, GenuineIntel, M2_HOME=D:\apache-maven-3.2.1, PUBLIC=C:\Users\Public, =::=::\, LOCALAPPDATA=C:\Users\18630\AppData\Local, COMMONPROGRAMFILES(X86)=C:\Program Files (x86)\Common Files, USERDOMAIN=DESKTOP-SQSFTA4, FPS_BROWSER_APP_PROFILE_STRING=Internet Explorer, LOGONSERVER=\\DESKTOP-SQSFTA4, JAVA_HOME=D:\IDE_1\JDK8\jdk1.8, PROMPT=$P$G, PROGRAMFILES(X86)=C:\Program Files (x86), ASL.LOG=Destination=file, INTELLIJ IDEA=D:\IDEA\IntelliJ IDEA 2018.3.2\bin;, APPDATA=C:\Users\18630\AppData\Roaming, PROGRAMW6432=C:\Program Files, SYSTEMROOT=C:\WINDOWS, OS=Windows_NT, COMMONPROGRAMW6432=C:\Program Files\Common Files, COMPUTERNAME=DESKTOP-SQSFTA4, COMMONPROGRAMFILES=C:\Program Files\Common Files, COMSPEC=C:\WINDOWS\system32\cmd.exe, PROCESSOR_REVISION=8e0a, =D:=D:\Demo_\ityouknow-favorites-web-master\favorites-web\app, TEMP=C:\Users\18630\AppData\Local\Temp, HOMEDRIVE=C:, USERPROFILE=C:\Users\18630, TMP=C:\Users\18630\AppData\Local\Temp, NUMBER_OF_PROCESSORS=8}}]
17:53:19.115 [main] DEBUG org.springframework.test.context.support.TestPropertySourceUtils - Adding inlined properties to environment: {spring.jmx.enabled=false, org.springframework.boot.test.context.SpringBootTestContextBootstrapper=true, server.port=-1}
17:53:19.116 [main] DEBUG org.springframework.core.env.StandardEnvironment - Adding PropertySource 'Inlined Test Properties' with highest search precedence

  .   ____          _            __ _ _
 /\\ / ___'_ __ _ _(_)_ __  __ _ \ \ \ \
( ( )\___ | '_ | '_| | '_ \/ _` | \ \ \ \
 \\/  ___)| |_)| | | | | || (_| |  ) ) ) )
  '  |____| .__|_| |_|_| |_\__, | / / / /
 =========|_|==============|___/=/_/_/_/
 :: Spring Boot ::        (v2.0.0.RELEASE)

2019-08-13 17:53:19.455  INFO 11084 --- [           main] c.f.controller.HelloWorldControlerTests  : Starting HelloWorldControlerTests on DESKTOP-SQSFTA4 with PID 11084 (started by zgd in D:\Demo_\ityouknow-favorites-web-master\favorites-web\app)
2019-08-13 17:53:19.456  INFO 11084 --- [           main] c.f.controller.HelloWorldControlerTests  : The following profiles are active: dev
2019-08-13 17:53:19.696  INFO 11084 --- [           main] o.s.w.c.s.GenericWebApplicationContext   : Refreshing org.springframework.web.context.support.GenericWebApplicationContext@32115b28: startup date [Tue Aug 13 17:53:19 CST 2019]; root of context hierarchy
2019-08-13 17:53:21.106  INFO 11084 --- [           main] trationDelegate$BeanPostProcessorChecker : Bean 'org.springframework.transaction.annotation.ProxyTransactionManagementConfiguration' of type [org.springframework.transaction.annotation.ProxyTransactionManagementConfiguration$$EnhancerBySpringCGLIB$$cd9c0b3b] is not eligible for getting processed by all BeanPostProcessors (for example: not eligible for auto-proxying)
2019-08-13 17:53:22.127  INFO 11084 --- [           main] com.zaxxer.hikari.HikariDataSource       : HikariPool-1 - Starting...
2019-08-13 17:53:22.715  INFO 11084 --- [           main] com.zaxxer.hikari.HikariDataSource       : HikariPool-1 - Start completed.
2019-08-13 17:53:22.988  INFO 11084 --- [           main] j.LocalContainerEntityManagerFactoryBean : Building JPA container EntityManagerFactory for persistence unit 'default'
2019-08-13 17:53:23.062  INFO 11084 --- [           main] o.hibernate.jpa.internal.util.LogHelper  : HHH000204: Processing PersistenceUnitInfo [
	name: default
	...]
2019-08-13 17:53:23.332  INFO 11084 --- [           main] org.hibernate.Version                    : HHH000412: Hibernate Core {5.2.14.Final}
2019-08-13 17:53:23.336  INFO 11084 --- [           main] org.hibernate.cfg.Environment            : HHH000206: hibernate.properties not found
2019-08-13 17:53:23.488  INFO 11084 --- [           main] o.hibernate.annotations.common.Version   : HCANN000001: Hibernate Commons Annotations {5.0.1.Final}
2019-08-13 17:53:23.927  INFO 11084 --- [           main] org.hibernate.dialect.Dialect            : HHH000400: Using dialect: org.hibernate.dialect.MySQL5InnoDBDialect
2019-08-13 17:53:26.675  INFO 11084 --- [           main] j.LocalContainerEntityManagerFactoryBean : Initialized JPA EntityManagerFactory for persistence unit 'default'
2019-08-13 17:53:27.177  INFO 11084 --- [           main] o.h.h.i.QueryTranslatorFactoryInitiator  : HHH000397: Using ASTQueryTranslatorFactory
2019-08-13 17:53:27.421  WARN 11084 --- [           main] f.a.AutowiredAnnotationBeanPostProcessor : Autowired annotation should only be used on methods with parameters: public void com.favorites.schedule.ScheduledTasks.autoRecovery()
Hibernate: select favorites0_.id as col_0_0_ from favorites favorites0_ where favorites0_.name=?
Hibernate: select collect0_.id as id1_0_, collect0_.category as category2_0_, collect0_.charset as charset3_0_, collect0_.create_time as create_t4_0_, collect0_.description as descript5_0_, collect0_.favorites_id as favorite6_0_, collect0_.is_delete as is_delet7_0_, collect0_.last_modify_time as last_mod8_0_, collect0_.logo_url as logo_url9_0_, collect0_.remark as remark10_0_, collect0_.title as title11_0_, collect0_.type as type12_0_, collect0_.url as url13_0_, collect0_.user_id as user_id14_0_ from collect collect0_ where collect0_.create_time<? and collect0_.is_delete=? and (collect0_.favorites_id in (?))
2019-08-13 17:53:29.215  INFO 11084 --- [           main] s.w.s.m.m.a.RequestMappingHandlerAdapter : Looking for @ControllerAdvice: org.springframework.web.context.support.GenericWebApplicationContext@32115b28: startup date [Tue Aug 13 17:53:19 CST 2019]; root of context hierarchy
2019-08-13 17:53:29.274  WARN 11084 --- [           main] aWebConfiguration$JpaWebMvcConfiguration : spring.jpa.open-in-view is enabled by default. Therefore, database queries may be performed during view rendering. Explicitly configure spring.jpa.open-in-view to disable this warning
2019-08-13 17:53:29.314  INFO 11084 --- [           main] s.w.s.m.m.a.RequestMappingHandlerMapping : Mapped "{[/collect/collect],methods=[POST]}" onto public com.favorites.domain.result.Response com.favorites.web.CollectController.collect(com.favorites.domain.Collect)
2019-08-13 17:53:29.315  INFO 11084 --- [           main] s.w.s.m.m.a.RequestMappingHandlerMapping : Mapped "{[/collect/delete/{id}]}" onto public com.favorites.domain.result.Response com.favorites.web.CollectController.delete(long)
2019-08-13 17:53:29.316  INFO 11084 --- [           main] s.w.s.m.m.a.RequestMappingHandlerMapping : Mapped "{[/collect/export]}" onto public void com.favorites.web.CollectController.export(java.lang.String,javax.servlet.http.HttpServletResponse)
2019-08-13 17:53:29.316  INFO 11084 --- [           main] s.w.s.m.m.a.RequestMappingHandlerMapping : Mapped "{[/collect/getPaiseStatus/{collectId}]}" onto public java.util.Map<java.lang.String, java.lang.Object> com.favorites.web.CollectController.getPraiseStatus(org.springframework.ui.Model,java.lang.Long)
2019-08-13 17:53:29.316  INFO 11084 --- [           main] s.w.s.m.m.a.RequestMappingHandlerMapping : Mapped "{[/collect/searchMy/{key}]}" onto public java.util.List<com.favorites.domain.view.CollectSummary> com.favorites.web.CollectController.searchMy(org.springframework.ui.Model,java.lang.Integer,java.lang.Integer,java.lang.String)
2019-08-13 17:53:29.317  INFO 11084 --- [           main] s.w.s.m.m.a.RequestMappingHandlerMapping : Mapped "{[/collect/searchOther/{key}]}" onto public java.util.List<com.favorites.domain.view.CollectSummary> com.favorites.web.CollectController.searchOther(org.springframework.ui.Model,java.lang.Integer,java.lang.Integer,java.lang.String)
2019-08-13 17:53:29.317  INFO 11084 --- [           main] s.w.s.m.m.a.RequestMappingHandlerMapping : Mapped "{[/collect/simple/{type}/{favoritesId}/{userId}/{category}]}" onto public java.util.List<com.favorites.domain.view.CollectSummary> com.favorites.web.CollectController.simple(java.lang.Integer,java.lang.Integer,java.lang.String,java.lang.Long,java.lang.Long,java.lang.String)
2019-08-13 17:53:29.318  INFO 11084 --- [           main] s.w.s.m.m.a.RequestMappingHandlerMapping : Mapped "{[/collect/like/{id}]}" onto public com.favorites.domain.result.Response com.favorites.web.CollectController.like(long)
2019-08-13 17:53:29.318  INFO 11084 --- [           main] s.w.s.m.m.a.RequestMappingHandlerMapping : Mapped "{[/collect/standard/{type}/{favoritesId}/{userId}/{category}]}" onto public java.util.List<com.favorites.domain.view.CollectSummary> com.favorites.web.CollectController.standard(java.lang.Integer,java.lang.Integer,java.lang.String,java.lang.Long,java.lang.Long,java.lang.String)
2019-08-13 17:53:29.319  INFO 11084 --- [           main] s.w.s.m.m.a.RequestMappingHandlerMapping : Mapped "{[/collect/changePrivacy/{id}/{type}]}" onto public com.favorites.domain.result.Response com.favorites.web.CollectController.changePrivacy(long,com.favorites.domain.enums.CollectType)
2019-08-13 17:53:29.319  INFO 11084 --- [           main] s.w.s.m.m.a.RequestMappingHandlerMapping : Mapped "{[/collect/lookAround]}" onto public java.util.List<com.favorites.domain.view.CollectSummary> com.favorites.web.CollectController.lookAround(java.lang.Integer,java.lang.Integer)
2019-08-13 17:53:29.320  INFO 11084 --- [           main] s.w.s.m.m.a.RequestMappingHandlerMapping : Mapped "{[/collect/import]}" onto public void com.favorites.web.CollectController.importCollect(org.springframework.web.multipart.MultipartFile,java.lang.String,java.lang.String)
2019-08-13 17:53:29.320  INFO 11084 --- [           main] s.w.s.m.m.a.RequestMappingHandlerMapping : Mapped "{[/collect/detail/{id}]}" onto public com.favorites.domain.Collect com.favorites.web.CollectController.detail(long)
2019-08-13 17:53:29.321  INFO 11084 --- [           main] s.w.s.m.m.a.RequestMappingHandlerMapping : Mapped "{[/collect/getFavoriteResult],methods=[POST]}" onto public java.util.Map<java.lang.String, java.lang.Object> com.favorites.web.CollectController.getFavoriteResult(java.lang.String,java.lang.String)
2019-08-13 17:53:29.321  INFO 11084 --- [           main] s.w.s.m.m.a.RequestMappingHandlerMapping : Mapped "{[/collect/getCollectLogoUrl],methods=[POST]}" onto public java.lang.String com.favorites.web.CollectController.getCollectLogoUrl(java.lang.String)
2019-08-13 17:53:29.324  INFO 11084 --- [           main] s.w.s.m.m.a.RequestMappingHandlerMapping : Mapped "{[/comment/add]}" onto public com.favorites.domain.result.Response com.favorites.web.CommentController.add(com.favorites.domain.Comment)
2019-08-13 17:53:29.325  INFO 11084 --- [           main] s.w.s.m.m.a.RequestMappingHandlerMapping : Mapped "{[/comment/delete/{id}]}" onto public com.favorites.domain.result.Response com.favorites.web.CommentController.delete(long)
2019-08-13 17:53:29.325  INFO 11084 --- [           main] s.w.s.m.m.a.RequestMappingHandlerMapping : Mapped "{[/comment/list/{collectId}]}" onto public java.util.List<com.favorites.domain.Comment> com.favorites.web.CommentController.list(long)
2019-08-13 17:53:29.327  INFO 11084 --- [           main] s.w.s.m.m.a.RequestMappingHandlerMapping : Mapped "{[/favorites/add],methods=[POST]}" onto public com.favorites.domain.result.Response com.favorites.web.FavoritesController.addFavorites(java.lang.String)
2019-08-13 17:53:29.327  INFO 11084 --- [           main] s.w.s.m.m.a.RequestMappingHandlerMapping : Mapped "{[/favorites/del],methods=[POST]}" onto public com.favorites.domain.result.Response com.favorites.web.FavoritesController.delFavorites(long)
2019-08-13 17:53:29.328  INFO 11084 --- [           main] s.w.s.m.m.a.RequestMappingHandlerMapping : Mapped "{[/favorites/getFavorites/{userId}],methods=[POST]}" onto public java.util.List<com.favorites.domain.Favorites> com.favorites.web.FavoritesController.getFavorites(java.lang.Long)
2019-08-13 17:53:29.328  INFO 11084 --- [           main] s.w.s.m.m.a.RequestMappingHandlerMapping : Mapped "{[/favorites/update],methods=[POST]}" onto public com.favorites.domain.result.Response com.favorites.web.FavoritesController.updateFavorites(java.lang.String,long)
2019-08-13 17:53:29.328  INFO 11084 --- [           main] s.w.s.m.m.a.RequestMappingHandlerMapping : Mapped "{[/favorites/addImportFavorites],methods=[POST]}" onto public com.favorites.domain.result.ResponseData com.favorites.web.FavoritesController.addImportFavorites()
2019-08-13 17:53:29.329  INFO 11084 --- [           main] s.w.s.m.m.a.RequestMappingHandlerMapping : Mapped "{[/feedback/save],methods=[POST]}" onto public com.favorites.domain.result.Response com.favorites.web.FeedbackController.save(com.favorites.domain.Feedback)
2019-08-13 17:53:29.330  INFO 11084 --- [           main] s.w.s.m.m.a.RequestMappingHandlerMapping : Mapped "{[/follow/changeFollowStatus]}" onto public com.favorites.domain.result.Response com.favorites.web.FollowController.changeFollowStatus(java.lang.String,java.lang.Long)
2019-08-13 17:53:29.332  INFO 11084 --- [           main] s.w.s.m.m.a.RequestMappingHandlerMapping : Mapped "{[/search/{key}]}" onto public java.lang.String com.favorites.web.HomeController.search(org.springframework.ui.Model,java.lang.Integer,java.lang.Integer,java.lang.String)
2019-08-13 17:53:29.332  INFO 11084 --- [           main] s.w.s.m.m.a.RequestMappingHandlerMapping : Mapped "{[/user/{userId}/{favoritesId}]}" onto public java.lang.String com.favorites.web.HomeController.userPageShow(org.springframework.ui.Model,long,java.lang.Long,java.lang.Integer,java.lang.Integer)
2019-08-13 17:53:29.333  INFO 11084 --- [           main] s.w.s.m.m.a.RequestMappingHandlerMapping : Mapped "{[/usercontent/{userId}/{favoritesId}]}" onto public java.lang.String com.favorites.web.HomeController.userContentShow(org.springframework.ui.Model,long,java.lang.Long,java.lang.Integer,java.lang.Integer)
2019-08-13 17:53:29.334  INFO 11084 --- [           main] s.w.s.m.m.a.RequestMappingHandlerMapping : Mapped "{[/simple/{type}/{userId}]}" onto public java.lang.String com.favorites.web.HomeController.simple(org.springframework.ui.Model,java.lang.Integer,java.lang.Integer,java.lang.String,long)
2019-08-13 17:53:29.334  INFO 11084 --- [           main] s.w.s.m.m.a.RequestMappingHandlerMapping : Mapped "{[/standard/{type}/{userId}]}" onto public java.lang.String com.favorites.web.HomeController.standard(org.springframework.ui.Model,java.lang.Integer,java.lang.Integer,java.lang.String,long)
2019-08-13 17:53:29.335  INFO 11084 --- [           main] s.w.s.m.m.a.RequestMappingHandlerMapping : Mapped "{[/lookRecord/standard/{type}/{userId}]}" onto public java.lang.String com.favorites.web.HomeController.getLookRecordStandard(org.springframework.ui.Model,java.lang.Integer,java.lang.Integer,java.lang.String,long)
2019-08-13 17:53:29.335  INFO 11084 --- [           main] s.w.s.m.m.a.RequestMappingHandlerMapping : Mapped "{[/lookRecord/simple/{type}/{userId}]}" onto public java.lang.String com.favorites.web.HomeController.getLookRecordSimple(org.springframework.ui.Model,java.lang.Integer,java.lang.Integer,java.lang.String,long)
2019-08-13 17:53:29.336  INFO 11084 --- [           main] s.w.s.m.m.a.RequestMappingHandlerMapping : Mapped "{[/notice/atMe]}" onto public java.lang.String com.favorites.web.HomeController.atMe(org.springframework.ui.Model,java.lang.Integer,java.lang.Integer)
2019-08-13 17:53:29.336  INFO 11084 --- [           main] s.w.s.m.m.a.RequestMappingHandlerMapping : Mapped "{[/letter/letterMe]}" onto public java.lang.String com.favorites.web.HomeController.letterMe(org.springframework.ui.Model,java.lang.Integer,java.lang.Integer)
2019-08-13 17:53:29.336  INFO 11084 --- [           main] s.w.s.m.m.a.RequestMappingHandlerMapping : Mapped "{[/notice/praiseMe]}" onto public java.lang.String com.favorites.web.HomeController.praiseMe(org.springframework.ui.Model,java.lang.Integer,java.lang.Integer)
2019-08-13 17:53:29.337  INFO 11084 --- [           main] s.w.s.m.m.a.RequestMappingHandlerMapping : Mapped "{[/notice/commentMe]}" onto public java.lang.String com.favorites.web.HomeController.commentMe(org.springframework.ui.Model,java.lang.Integer,java.lang.Integer)
2019-08-13 17:53:29.339  INFO 11084 --- [           main] s.w.s.m.m.a.RequestMappingHandlerMapping : Mapped "{[/index],methods=[GET]}" onto public java.lang.String com.favorites.web.IndexController.index(org.springframework.ui.Model)
2019-08-13 17:53:29.340  INFO 11084 --- [           main] s.w.s.m.m.a.RequestMappingHandlerMapping : Mapped "{[/collect],methods=[GET]}" onto public java.lang.String com.favorites.web.IndexController.collect(org.springframework.ui.Model)
2019-08-13 17:53:29.340  INFO 11084 --- [           main] s.w.s.m.m.a.RequestMappingHandlerMapping : Mapped "{[/export]}" onto public java.lang.String com.favorites.web.IndexController.export(org.springframework.ui.Model)
2019-08-13 17:53:29.341  INFO 11084 --- [           main] s.w.s.m.m.a.RequestMappingHandlerMapping : Mapped "{[/logout],methods=[GET]}" onto public java.lang.String com.favorites.web.IndexController.logout(javax.servlet.http.HttpServletResponse,org.springframework.ui.Model)
2019-08-13 17:53:29.341  INFO 11084 --- [           main] s.w.s.m.m.a.RequestMappingHandlerMapping : Mapped "{[/login],methods=[GET]}" onto public java.lang.String com.favorites.web.IndexController.login()
2019-08-13 17:53:29.341  INFO 11084 --- [           main] s.w.s.m.m.a.RequestMappingHandlerMapping : Mapped "{[/],methods=[GET]}" onto public java.lang.String com.favorites.web.IndexController.home(org.springframework.ui.Model)
2019-08-13 17:53:29.342  INFO 11084 --- [           main] s.w.s.m.m.a.RequestMappingHandlerMapping : Mapped "{[/feedback]}" onto public java.lang.String com.favorites.web.IndexController.feedback(org.springframework.ui.Model)
2019-08-13 17:53:29.342  INFO 11084 --- [           main] s.w.s.m.m.a.RequestMappingHandlerMapping : Mapped "{[/lookAround]}" onto public java.lang.String com.favorites.web.IndexController.lookAroundStandard(org.springframework.ui.Model,java.lang.Integer,java.lang.Integer)
2019-08-13 17:53:29.342  INFO 11084 --- [           main] s.w.s.m.m.a.RequestMappingHandlerMapping : Mapped "{[/uploadHeadPortrait]}" onto public java.lang.String com.favorites.web.IndexController.uploadHeadPortrait()
2019-08-13 17:53:29.343  INFO 11084 --- [           main] s.w.s.m.m.a.RequestMappingHandlerMapping : Mapped "{[/collector/{userId}/{favoritesId:[0-9]*}]}" onto public java.lang.String com.favorites.web.IndexController.collectorPageShow(org.springframework.ui.Model,long,java.lang.Long,java.lang.Integer,java.lang.Integer)
2019-08-13 17:53:29.343  INFO 11084 --- [           main] s.w.s.m.m.a.RequestMappingHandlerMapping : Mapped "{[/forgotPassword],methods=[GET]}" onto public java.lang.String com.favorites.web.IndexController.forgotPassword()
2019-08-13 17:53:29.343  INFO 11084 --- [           main] s.w.s.m.m.a.RequestMappingHandlerMapping : Mapped "{[/newPassword],methods=[GET]}" onto public java.lang.String com.favorites.web.IndexController.newPassword(java.lang.String)
2019-08-13 17:53:29.344  INFO 11084 --- [           main] s.w.s.m.m.a.RequestMappingHandlerMapping : Mapped "{[/uploadBackground]}" onto public java.lang.String com.favorites.web.IndexController.uploadBackground()
2019-08-13 17:53:29.344  INFO 11084 --- [           main] s.w.s.m.m.a.RequestMappingHandlerMapping : Mapped "{[/tool]}" onto public java.lang.String com.favorites.web.IndexController.tool(org.springframework.ui.Model)
2019-08-13 17:53:29.344  INFO 11084 --- [           main] s.w.s.m.m.a.RequestMappingHandlerMapping : Mapped "{[/newFavorites]}" onto public java.lang.String com.favorites.web.IndexController.newFavorites()
2019-08-13 17:53:29.345  INFO 11084 --- [           main] s.w.s.m.m.a.RequestMappingHandlerMapping : Mapped "{[/lookAround/simple/{category}]}" onto public java.lang.String com.favorites.web.IndexController.lookAroundSimple(org.springframework.ui.Model,java.lang.Integer,java.lang.Integer,java.lang.String)
2019-08-13 17:53:29.345  INFO 11084 --- [           main] s.w.s.m.m.a.RequestMappingHandlerMapping : Mapped "{[/mobile]}" onto public java.lang.String com.favorites.web.IndexController.mobile()
2019-08-13 17:53:29.345  INFO 11084 --- [           main] s.w.s.m.m.a.RequestMappingHandlerMapping : Mapped "{[/register],methods=[GET]}" onto public java.lang.String com.favorites.web.IndexController.regist()
2019-08-13 17:53:29.346  INFO 11084 --- [           main] s.w.s.m.m.a.RequestMappingHandlerMapping : Mapped "{[/import]}" onto public java.lang.String com.favorites.web.IndexController.importm()
2019-08-13 17:53:29.347  INFO 11084 --- [           main] s.w.s.m.m.a.RequestMappingHandlerMapping : Mapped "{[/letter/sendLetter]}" onto public com.favorites.domain.result.Response com.favorites.web.LetterController.sendLetter(com.favorites.domain.Letter)
2019-08-13 17:53:29.347  INFO 11084 --- [           main] s.w.s.m.m.a.RequestMappingHandlerMapping : Mapped "{[/letter/getLetterList]}" onto public java.util.List<com.favorites.domain.view.LetterSummary> com.favorites.web.LetterController.getLetterList(java.lang.Integer,java.lang.Integer)
2019-08-13 17:53:29.348  INFO 11084 --- [           main] s.w.s.m.m.a.RequestMappingHandlerMapping : Mapped "{[/lookRecord/delete/{collectId}]}" onto public com.favorites.domain.result.Response com.favorites.web.LookRecordController.deleteLookRecord(long)
2019-08-13 17:53:29.349  INFO 11084 --- [           main] s.w.s.m.m.a.RequestMappingHandlerMapping : Mapped "{[/lookRecord/save/{collectId}]}" onto public com.favorites.domain.result.Response com.favorites.web.LookRecordController.saveLookRecord(long)
2019-08-13 17:53:29.349  INFO 11084 --- [           main] s.w.s.m.m.a.RequestMappingHandlerMapping : Mapped "{[/lookRecord/deleteAll]}" onto public com.favorites.domain.result.Response com.favorites.web.LookRecordController.deleteAll()
2019-08-13 17:53:29.350  INFO 11084 --- [           main] s.w.s.m.m.a.RequestMappingHandlerMapping : Mapped "{[/notice/reply],methods=[POST]}" onto public com.favorites.domain.result.Response com.favorites.web.NoticeController.reply(com.favorites.domain.Comment)
2019-08-13 17:53:29.351  INFO 11084 --- [           main] s.w.s.m.m.a.RequestMappingHandlerMapping : Mapped "{[/notice/getNoticeNum]}" onto public com.favorites.domain.result.ResponseData com.favorites.web.NoticeController.getNoticeNum()
2019-08-13 17:53:29.352  INFO 11084 --- [           main] s.w.s.m.m.a.RequestMappingHandlerMapping : Mapped "{[/user/regist],methods=[POST]}" onto public com.favorites.domain.result.Response com.favorites.web.UserController.create(com.favorites.domain.User)
2019-08-13 17:53:29.353  INFO 11084 --- [           main] s.w.s.m.m.a.RequestMappingHandlerMapping : Mapped "{[/user/login],methods=[POST]}" onto public com.favorites.domain.result.ResponseData com.favorites.web.UserController.login(com.favorites.domain.User,javax.servlet.http.HttpServletResponse)
2019-08-13 17:53:29.353  INFO 11084 --- [           main] s.w.s.m.m.a.RequestMappingHandlerMapping : Mapped "{[/user/getConfig],methods=[POST]}" onto public com.favorites.domain.Config com.favorites.web.UserController.getConfig()
2019-08-13 17:53:29.354  INFO 11084 --- [           main] s.w.s.m.m.a.RequestMappingHandlerMapping : Mapped "{[/user/getFavorites],methods=[POST]}" onto public java.util.List<com.favorites.domain.Favorites> com.favorites.web.UserController.getFavorites()
2019-08-13 17:53:29.354  INFO 11084 --- [           main] s.w.s.m.m.a.RequestMappingHandlerMapping : Mapped "{[/user/updateConfig],methods=[POST]}" onto public com.favorites.domain.result.Response com.favorites.web.UserController.updateConfig(java.lang.Long,java.lang.String,java.lang.String)
2019-08-13 17:53:29.354  INFO 11084 --- [           main] s.w.s.m.m.a.RequestMappingHandlerMapping : Mapped "{[/user/updateIntroduction],methods=[POST]}" onto public com.favorites.domain.result.ResponseData com.favorites.web.UserController.updateIntroduction(java.lang.String)
2019-08-13 17:53:29.355  INFO 11084 --- [           main] s.w.s.m.m.a.RequestMappingHandlerMapping : Mapped "{[/user/sendForgotPasswordEmail],methods=[POST]}" onto public com.favorites.domain.result.Response com.favorites.web.UserController.sendForgotPasswordEmail(java.lang.String)
2019-08-13 17:53:29.355  INFO 11084 --- [           main] s.w.s.m.m.a.RequestMappingHandlerMapping : Mapped "{[/user/uploadHeadPortrait],methods=[POST]}" onto public com.favorites.domain.result.ResponseData com.favorites.web.UserController.uploadHeadPortrait(java.lang.String)
2019-08-13 17:53:29.355  INFO 11084 --- [           main] s.w.s.m.m.a.RequestMappingHandlerMapping : Mapped "{[/user/uploadBackground],methods=[POST]}" onto public com.favorites.domain.result.ResponseData com.favorites.web.UserController.uploadBackground(java.lang.String)
2019-08-13 17:53:29.356  INFO 11084 --- [           main] s.w.s.m.m.a.RequestMappingHandlerMapping : Mapped "{[/user/getFollows]}" onto public java.util.List<java.lang.String> com.favorites.web.UserController.getFollows()
2019-08-13 17:53:29.356  INFO 11084 --- [           main] s.w.s.m.m.a.RequestMappingHandlerMapping : Mapped "{[/user/setNewPassword],methods=[POST]}" onto public com.favorites.domain.result.Response com.favorites.web.UserController.setNewPassword(java.lang.String,java.lang.String,java.lang.String)
2019-08-13 17:53:29.357  INFO 11084 --- [           main] s.w.s.m.m.a.RequestMappingHandlerMapping : Mapped "{[/user/updatePassword],methods=[POST]}" onto public com.favorites.domain.result.Response com.favorites.web.UserController.updatePassword(java.lang.String,java.lang.String)
2019-08-13 17:53:29.357  INFO 11084 --- [           main] s.w.s.m.m.a.RequestMappingHandlerMapping : Mapped "{[/user/updateUserName],methods=[POST]}" onto public com.favorites.domain.result.ResponseData com.favorites.web.UserController.updateUserName(java.lang.String)
2019-08-13 17:53:29.357  INFO 11084 --- [           main] s.w.s.m.m.a.RequestMappingHandlerMapping : Mapped "{[/webjarslocator/{webjar}/**]}" onto public org.springframework.http.ResponseEntity com.favorites.web.WebJarController.locateWebjarAsset(java.lang.String,javax.servlet.http.HttpServletRequest)
2019-08-13 17:53:29.359  INFO 11084 --- [           main] s.w.s.m.m.a.RequestMappingHandlerMapping : Mapped "{[/error]}" onto public org.springframework.http.ResponseEntity<java.util.Map<java.lang.String, java.lang.Object>> org.springframework.boot.autoconfigure.web.servlet.error.BasicErrorController.error(javax.servlet.http.HttpServletRequest)
2019-08-13 17:53:29.360  INFO 11084 --- [           main] s.w.s.m.m.a.RequestMappingHandlerMapping : Mapped "{[/error],produces=[text/html]}" onto public org.springframework.web.servlet.ModelAndView org.springframework.boot.autoconfigure.web.servlet.error.BasicErrorController.errorHtml(javax.servlet.http.HttpServletRequest,javax.servlet.http.HttpServletResponse)
2019-08-13 17:53:29.413  INFO 11084 --- [           main] o.s.w.s.handler.SimpleUrlHandlerMapping  : Mapped URL path [/webjars/**] onto handler of type [class org.springframework.web.servlet.resource.ResourceHttpRequestHandler]
2019-08-13 17:53:29.413  INFO 11084 --- [           main] o.s.w.s.handler.SimpleUrlHandlerMapping  : Mapped URL path [/**] onto handler of type [class org.springframework.web.servlet.resource.ResourceHttpRequestHandler]
2019-08-13 17:53:29.435  INFO 11084 --- [           main] .m.m.a.ExceptionHandlerExceptionResolver : Detected @ExceptionHandler methods in globalExceptionHandler
2019-08-13 17:53:29.478  INFO 11084 --- [           main] o.s.w.s.handler.SimpleUrlHandlerMapping  : Mapped URL path [/**/favicon.ico] onto handler of type [class org.springframework.web.servlet.resource.ResourceHttpRequestHandler]
2019-08-13 17:53:29.870  INFO 11084 --- [           main] o.s.b.a.w.s.WelcomePageHandlerMapping    : Adding welcome page template: index
2019-08-13 17:53:30.215  INFO 11084 --- [           main] c.f.controller.HelloWorldControlerTests  : Started HelloWorldControlerTests in 11.086 seconds (JVM running for 11.924)
2019-08-13 17:53:30.586  INFO 11084 --- [           main] s.w.s.m.m.a.RequestMappingHandlerMapping : Mapped "{[/index],methods=[GET]}" onto public java.lang.String com.favorites.web.IndexController.index(org.springframework.ui.Model)
2019-08-13 17:53:30.587  INFO 11084 --- [           main] s.w.s.m.m.a.RequestMappingHandlerMapping : Mapped "{[/collect],methods=[GET]}" onto public java.lang.String com.favorites.web.IndexController.collect(org.springframework.ui.Model)
2019-08-13 17:53:30.588  INFO 11084 --- [           main] s.w.s.m.m.a.RequestMappingHandlerMapping : Mapped "{[/export]}" onto public java.lang.String com.favorites.web.IndexController.export(org.springframework.ui.Model)
2019-08-13 17:53:30.590  INFO 11084 --- [           main] s.w.s.m.m.a.RequestMappingHandlerMapping : Mapped "{[/logout],methods=[GET]}" onto public java.lang.String com.favorites.web.IndexController.logout(javax.servlet.http.HttpServletResponse,org.springframework.ui.Model)
2019-08-13 17:53:30.591  INFO 11084 --- [           main] s.w.s.m.m.a.RequestMappingHandlerMapping : Mapped "{[/login],methods=[GET]}" onto public java.lang.String com.favorites.web.IndexController.login()
2019-08-13 17:53:30.592  INFO 11084 --- [           main] s.w.s.m.m.a.RequestMappingHandlerMapping : Mapped "{[/],methods=[GET]}" onto public java.lang.String com.favorites.web.IndexController.home(org.springframework.ui.Model)
2019-08-13 17:53:30.593  INFO 11084 --- [           main] s.w.s.m.m.a.RequestMappingHandlerMapping : Mapped "{[/feedback]}" onto public java.lang.String com.favorites.web.IndexController.feedback(org.springframework.ui.Model)
2019-08-13 17:53:30.594  INFO 11084 --- [           main] s.w.s.m.m.a.RequestMappingHandlerMapping : Mapped "{[/lookAround]}" onto public java.lang.String com.favorites.web.IndexController.lookAroundStandard(org.springframework.ui.Model,java.lang.Integer,java.lang.Integer)
2019-08-13 17:53:30.595  INFO 11084 --- [           main] s.w.s.m.m.a.RequestMappingHandlerMapping : Mapped "{[/uploadHeadPortrait]}" onto public java.lang.String com.favorites.web.IndexController.uploadHeadPortrait()
2019-08-13 17:53:30.596  INFO 11084 --- [           main] s.w.s.m.m.a.RequestMappingHandlerMapping : Mapped "{[/collector/{userId}/{favoritesId:[0-9]*}]}" onto public java.lang.String com.favorites.web.IndexController.collectorPageShow(org.springframework.ui.Model,long,java.lang.Long,java.lang.Integer,java.lang.Integer)
2019-08-13 17:53:30.597  INFO 11084 --- [           main] s.w.s.m.m.a.RequestMappingHandlerMapping : Mapped "{[/forgotPassword],methods=[GET]}" onto public java.lang.String com.favorites.web.IndexController.forgotPassword()
2019-08-13 17:53:30.598  INFO 11084 --- [           main] s.w.s.m.m.a.RequestMappingHandlerMapping : Mapped "{[/newPassword],methods=[GET]}" onto public java.lang.String com.favorites.web.IndexController.newPassword(java.lang.String)
2019-08-13 17:53:30.599  INFO 11084 --- [           main] s.w.s.m.m.a.RequestMappingHandlerMapping : Mapped "{[/uploadBackground]}" onto public java.lang.String com.favorites.web.IndexController.uploadBackground()
2019-08-13 17:53:30.600  INFO 11084 --- [           main] s.w.s.m.m.a.RequestMappingHandlerMapping : Mapped "{[/tool]}" onto public java.lang.String com.favorites.web.IndexController.tool(org.springframework.ui.Model)
2019-08-13 17:53:30.602  INFO 11084 --- [           main] s.w.s.m.m.a.RequestMappingHandlerMapping : Mapped "{[/newFavorites]}" onto public java.lang.String com.favorites.web.IndexController.newFavorites()
2019-08-13 17:53:30.603  INFO 11084 --- [           main] s.w.s.m.m.a.RequestMappingHandlerMapping : Mapped "{[/lookAround/simple/{category}]}" onto public java.lang.String com.favorites.web.IndexController.lookAroundSimple(org.springframework.ui.Model,java.lang.Integer,java.lang.Integer,java.lang.String)
2019-08-13 17:53:30.604  INFO 11084 --- [           main] s.w.s.m.m.a.RequestMappingHandlerMapping : Mapped "{[/mobile]}" onto public java.lang.String com.favorites.web.IndexController.mobile()
2019-08-13 17:53:30.605  INFO 11084 --- [           main] s.w.s.m.m.a.RequestMappingHandlerMapping : Mapped "{[/register],methods=[GET]}" onto public java.lang.String com.favorites.web.IndexController.regist()
2019-08-13 17:53:30.606  INFO 11084 --- [           main] s.w.s.m.m.a.RequestMappingHandlerMapping : Mapped "{[/import]}" onto public java.lang.String com.favorites.web.IndexController.importm()
2019-08-13 17:53:30.637  INFO 11084 --- [           main] s.w.s.m.m.a.RequestMappingHandlerAdapter : Looking for @ControllerAdvice: org.springframework.test.web.servlet.setup.StubWebApplicationContext@7286827b
2019-08-13 17:53:30.659  INFO 11084 --- [           main] o.s.mock.web.MockServletContext          : Initializing Spring FrameworkServlet ''
2019-08-13 17:53:30.660  INFO 11084 --- [           main] o.s.t.web.servlet.TestDispatcherServlet  : FrameworkServlet '': initialization started
2019-08-13 17:53:30.661  INFO 11084 --- [           main] o.s.t.web.servlet.TestDispatcherServlet  : FrameworkServlet '': initialization completed in 1 ms
2019-08-13 17:53:30.747  WARN 11084 --- [           main] o.s.web.servlet.PageNotFound             : No mapping found for HTTP request with URI [/hello] in DispatcherServlet with name ''
]]></system-out>
  </testcase>
</testsuite>